<?xml version="1.0" encoding="UTF-8"?>
<!-- Generated by org.testng.reporters.JUnitXMLReporter -->
<testsuite hostname="PDCLT01PC0UBVL7" ignored="0" name="exampletest1" tests="3" failures="0" timestamp="22 Jan 2019 08:22:13 GMT" time="116.678" errors="0">
  <testcase name="testFilterJobTitle" time="29.388" classname="sprint0.EmployeeHomeFilter"/>
  <testcase name="testFilterDepartment" time="25.512" classname="sprint0.EmployeeHomeFilter"/>
  <testcase name="testFilterSupervisor" time="26.782" classname="sprint0.EmployeeHomeFilter"/>
</testsuite> <!-- exampletest1 -->
