<?xml version="1.0" encoding="UTF-8"?>
<!-- Generated by org.testng.reporters.JUnitXMLReporter -->
<testsuite hostname="PDCLT01PC0UBVL7" ignored="0" name="exampletest1" tests="3" failures="0" timestamp="22 Jan 2019 10:04:06 GMT" time="140.034" errors="0">
  <testcase name="testFilterJobTitle" time="32.763" classname="sprint0.EmployeeHomeFilter"/>
  <testcase name="testFilterDepartment" time="28.592" classname="sprint0.EmployeeHomeFilter"/>
  <testcase name="testFilterSupervisor" time="40.567" classname="sprint0.EmployeeHomeFilter"/>
</testsuite> <!-- exampletest1 -->
