<?xml version="1.0" encoding="UTF-8"?>
<!-- Generated by org.testng.reporters.JUnitXMLReporter -->
<testsuite hostname="PDCLT01PC0UBVL7" ignored="0" name="exampletest1" tests="16" failures="0" timestamp="22 Jan 2019 10:01:46 GMT" time="669.005" errors="0">
  <testcase name="testDeactivateEmployee" time="27.001" classname="sprint0.DeactivateEmployee"/>
  <testcase name="testDeactivateEmployee" time="29.619" classname="sprint0.DeactivateEmployee"/>
  <testcase name="testDeactivateEmployee" time="30.278" classname="sprint0.DeactivateEmployee"/>
  <testcase name="testDeactivateEmployee" time="26.974" classname="sprint0.DeactivateEmployee"/>
  <testcase name="testEditDeactivateEmployee" time="33.033" classname="sprint0.DeactivateEmployee"/>
  <testcase name="testEditDeactivateEmployee" time="35.196" classname="sprint0.DeactivateEmployee"/>
  <testcase name="testEditDeactivateEmployee" time="31.161" classname="sprint0.DeactivateEmployee"/>
  <testcase name="testEditDeactivateEmployee" time="30.798" classname="sprint0.DeactivateEmployee"/>
  <testcase name="testSearchName" time="31.792" classname="sprint0.DeactivateEmployee"/>
  <testcase name="testSearchName" time="28.353" classname="sprint0.DeactivateEmployee"/>
  <testcase name="testSearchName" time="26.069" classname="sprint0.DeactivateEmployee"/>
  <testcase name="testSearchName" time="25.751" classname="sprint0.DeactivateEmployee"/>
  <testcase name="testRestoreEmployee" time="27.38" classname="sprint0.DeactivateEmployee"/>
  <testcase name="testRestoreEmployee" time="31.596" classname="sprint0.DeactivateEmployee"/>
  <testcase name="testRestoreEmployee" time="29.214" classname="sprint0.DeactivateEmployee"/>
  <testcase name="testRestoreEmployee" time="30.8" classname="sprint0.DeactivateEmployee"/>
</testsuite> <!-- exampletest1 -->
