<?xml version="1.0" encoding="UTF-8"?>
<!-- Generated by org.testng.reporters.JUnitXMLReporter -->
<testsuite hostname="mac.local" ignored="0" name="exampletest4" tests="3" failures="0" timestamp="05 Feb 2019 16:25:44 GMT" time="80.054" errors="0">
  <testcase name="testFilterJobTitle" time="21.269" classname="sprint0.EmployeeHomeFilter"/>
  <testcase name="testFilterDepartment" time="22.339" classname="sprint0.EmployeeHomeFilter"/>
  <testcase name="testFilterSupervisor" time="19.778" classname="sprint0.EmployeeHomeFilter"/>
</testsuite> <!-- exampletest4 -->
