<?xml version="1.0" encoding="UTF-8"?>
<!-- Generated by org.testng.reporters.JUnitXMLReporter -->
<testsuite hostname="mac.local" ignored="0" name="exampletest9" tests="16" failures="0" timestamp="05 Feb 2019 16:37:04 GMT" time="439.196" errors="0">
  <testcase name="testDeactivateEmployee" time="25.155" classname="sprint0.DeactivateEmployee"/>
  <testcase name="testDeactivateEmployee" time="24.596" classname="sprint0.DeactivateEmployee"/>
  <testcase name="testDeactivateEmployee" time="20.73" classname="sprint0.DeactivateEmployee"/>
  <testcase name="testDeactivateEmployee" time="21.56" classname="sprint0.DeactivateEmployee"/>
  <testcase name="testEditDeactivateEmployee" time="21.772" classname="sprint0.DeactivateEmployee"/>
  <testcase name="testEditDeactivateEmployee" time="26.92" classname="sprint0.DeactivateEmployee"/>
  <testcase name="testEditDeactivateEmployee" time="23.016" classname="sprint0.DeactivateEmployee"/>
  <testcase name="testEditDeactivateEmployee" time="23.869" classname="sprint0.DeactivateEmployee"/>
  <testcase name="testSearchName" time="18.888" classname="sprint0.DeactivateEmployee"/>
  <testcase name="testSearchName" time="19.719" classname="sprint0.DeactivateEmployee"/>
  <testcase name="testSearchName" time="20.403" classname="sprint0.DeactivateEmployee"/>
  <testcase name="testSearchName" time="21.958" classname="sprint0.DeactivateEmployee"/>
  <testcase name="testRestoreEmployee" time="21.535" classname="sprint0.DeactivateEmployee"/>
  <testcase name="testRestoreEmployee" time="19.988" classname="sprint0.DeactivateEmployee"/>
  <testcase name="testRestoreEmployee" time="19.366" classname="sprint0.DeactivateEmployee"/>
  <testcase name="testRestoreEmployee" time="20.736" classname="sprint0.DeactivateEmployee"/>
</testsuite> <!-- exampletest9 -->
