<?xml version="1.0" encoding="UTF-8"?>
<!-- Generated by org.testng.reporters.JUnitXMLReporter -->
<testsuite hostname="mac.local" ignored="0" name="exampletest1" tests="6" failures="0" timestamp="05 Feb 2019 16:14:07 GMT" time="56.213" errors="0">
  <testcase name="testUserLogin_valid" time="11.229" classname="sprint0.UserLogin"/>
  <testcase name="testUserLogin_inValid" time="1.089" classname="sprint0.UserLogin"/>
  <testcase name="testUserLogin_inValid" time="0.885" classname="sprint0.UserLogin"/>
  <testcase name="testUserLogin_inValid" time="1.657" classname="sprint0.UserLogin"/>
  <testcase name="testUserLogin_inValid" time="2.27" classname="sprint0.UserLogin"/>
  <testcase name="testUserLogin_inValid" time="1.999" classname="sprint0.UserLogin"/>
</testsuite> <!-- exampletest1 -->
