<?xml version="1.0" encoding="UTF-8"?>
<!-- Generated by org.testng.reporters.JUnitXMLReporter -->
<testsuite hostname="mac.local" ignored="0" name="exampletest5" tests="3" failures="0" timestamp="05 Feb 2019 16:27:10 GMT" time="84.551" errors="0">
  <testcase name="testSearchName" time="21.239" classname="sprint0.EmployeeSearch"/>
  <testcase name="testSearchLastname" time="22.809" classname="sprint0.EmployeeSearch"/>
  <testcase name="testSearchInvalid" time="21.124" classname="sprint0.EmployeeSearch"/>
</testsuite> <!-- exampletest5 -->
