<?xml version="1.0" encoding="UTF-8"?>
<!-- Generated by org.testng.reporters.JUnitXMLReporter -->
<testsuite hostname="mac.local" ignored="0" name="exampletest2" tests="20" failures="0" timestamp="05 Feb 2019 16:23:46 GMT" time="578.198" errors="0">
  <testcase name="testAddUserValid" time="25.641" classname="sprint0.EmployessAddEmployee"/>
  <testcase name="testAddUserValid" time="26.455" classname="sprint0.EmployessAddEmployee"/>
  <testcase name="testAddUserValid" time="22.668" classname="sprint0.EmployessAddEmployee"/>
  <testcase name="testAddUserValid" time="23.398" classname="sprint0.EmployessAddEmployee"/>
  <testcase name="testAddUserValid" time="23.805" classname="sprint0.EmployessAddEmployee"/>
  <testcase name="testAddUserValid" time="27.206" classname="sprint0.EmployessAddEmployee"/>
  <testcase name="testAddUserDuplicate" time="25.515" classname="sprint0.EmployessAddEmployee"/>
  <testcase name="testAddUserInvalidData" time="24.832" classname="sprint0.EmployessAddEmployee"/>
  <testcase name="testAddUserInvalidData" time="20.349" classname="sprint0.EmployessAddEmployee"/>
  <testcase name="testAddUserInvalidData" time="20.866" classname="sprint0.EmployessAddEmployee"/>
  <testcase name="testAddUserInvalidData" time="20.735" classname="sprint0.EmployessAddEmployee"/>
  <testcase name="testAddUserInvalidData" time="23.69" classname="sprint0.EmployessAddEmployee"/>
  <testcase name="testAddUserInvalidData" time="20.873" classname="sprint0.EmployessAddEmployee"/>
  <testcase name="testAddUserInvalidData" time="19.789" classname="sprint0.EmployessAddEmployee"/>
  <testcase name="testAddUserInvalidData" time="19.046" classname="sprint0.EmployessAddEmployee"/>
  <testcase name="testAddUserInvalidData" time="19.369" classname="sprint0.EmployessAddEmployee"/>
  <testcase name="testAddUserInvalidData" time="20.064" classname="sprint0.EmployessAddEmployee"/>
  <testcase name="testAddUserInvalidData" time="23.482" classname="sprint0.EmployessAddEmployee"/>
  <testcase name="testAddUserInvalidData" time="22.687" classname="sprint0.EmployessAddEmployee"/>
  <testcase name="testAddUserInvalidData" time="23.195" classname="sprint0.EmployessAddEmployee"/>
</testsuite> <!-- exampletest2 -->
