<?xml version="1.0" encoding="UTF-8"?>
<!-- Generated by org.testng.reporters.JUnitXMLReporter -->
<testsuite hostname="PDCLT01PC0UBVL7" ignored="0" name="exampletest1" tests="3" failures="0" timestamp="22 Jan 2019 10:06:41 GMT" time="108.9" errors="0">
  <testcase name="testSearchName" time="31.224" classname="sprint0.EmployeeSearch"/>
  <testcase name="testSearchLastname" time="26.087" classname="sprint0.EmployeeSearch"/>
  <testcase name="testSearchInvalid" time="21.622" classname="sprint0.EmployeeSearch"/>
</testsuite> <!-- exampletest1 -->
