<?xml version="1.0" encoding="UTF-8"?>
<!-- Generated by org.testng.reporters.JUnitXMLReporter -->
<testsuite hostname="PDCLT01PC0UBVL7" ignored="0" name="exampletest1" tests="6" failures="0" timestamp="22 Jan 2019 10:21:47 GMT" time="85.034" errors="0">
  <testcase name="testUserLogin_valid" time="14.337" classname="sprint0.userLogin"/>
  <testcase name="testUserLogin_inValid" time="1.19" classname="sprint0.userLogin"/>
  <testcase name="testUserLogin_inValid" time="0.861" classname="sprint0.userLogin"/>
  <testcase name="testUserLogin_inValid" time="1.398" classname="sprint0.userLogin"/>
  <testcase name="testUserLogin_inValid" time="1.748" classname="sprint0.userLogin"/>
  <testcase name="testUserLogin_inValid" time="1.487" classname="sprint0.userLogin"/>
</testsuite> <!-- exampletest1 -->
