<?xml version="1.0" encoding="UTF-8"?>
<!-- Generated by org.testng.reporters.JUnitXMLReporter -->
<testsuite hostname="mac.local" ignored="0" name="Default test" tests="6" failures="0" timestamp="05 Feb 2019 14:29:24 GMT" time="59.721" errors="0">
  <testcase name="testUserLogin_valid" time="11.721" classname="sprint0.UserLogin"/>
  <testcase name="testUserLogin_inValid" time="1.208" classname="sprint0.UserLogin"/>
  <testcase name="testUserLogin_inValid" time="1.283" classname="sprint0.UserLogin"/>
  <testcase name="testUserLogin_inValid" time="2.246" classname="sprint0.UserLogin"/>
  <testcase name="testUserLogin_inValid" time="3.367" classname="sprint0.UserLogin"/>
  <testcase name="testUserLogin_inValid" time="2.012" classname="sprint0.UserLogin"/>
</testsuite> <!-- Default test -->
