<?xml version="1.0" encoding="UTF-8"?>
<!-- Generated by org.testng.reporters.JUnitXMLReporter -->
<testsuite hostname="PDCLT01PC0UBVL7" ignored="2" name="exampletest8(failed)" tests="1" failures="0" timestamp="24 Jan 2019 07:57:06 GMT" time="36.902" errors="0">
  <testcase name="testAddUserValid" time="24.595" classname="sprint0.EmployessAddEmployee"/>
  <testcase name="testAddUserDuplicate" time="0.0" classname="sprint0.EmployessAddEmployee">
    <ignored/>
  </testcase> <!-- testAddUserDuplicate -->
  <testcase name="testAddUserInvalidData" time="0.0" classname="sprint0.EmployessAddEmployee">
    <ignored/>
  </testcase> <!-- testAddUserInvalidData -->
</testsuite> <!-- exampletest8(failed) -->
