<?xml version="1.0" encoding="UTF-8"?>
<!-- Generated by org.testng.reporters.JUnitXMLReporter -->
<testsuite hostname="PDCLT01PC0UBVL7" ignored="3" name="exampletest1(failed)" tests="1" failures="0" timestamp="23 Jan 2019 06:01:28 GMT" time="39.613" errors="0">
  <testcase name="testRestoreEmployee" time="26.542" classname="sprint0.DeactivateEmployee"/>
  <testcase name="testSearchName" time="0.0" classname="sprint0.DeactivateEmployee">
    <ignored/>
  </testcase> <!-- testSearchName -->
  <testcase name="testDeactivateEmployee" time="0.0" classname="sprint0.DeactivateEmployee">
    <ignored/>
  </testcase> <!-- testDeactivateEmployee -->
  <testcase name="testEditDeactivateEmployee" time="0.0" classname="sprint0.DeactivateEmployee">
    <ignored/>
  </testcase> <!-- testEditDeactivateEmployee -->
</testsuite> <!-- exampletest1(failed) -->
