<?xml version="1.0" encoding="UTF-8"?>
<testng-results skipped="0" failed="10" ignored="0" total="67" passed="57">
  <reporter-output>
    <line>
      <![CDATA[Testcase Failure Screenshot saved at : file:/Users/manoj/Documents/GitHub/ICEHRM/Screenshots/testTerminateEmployee2019_05_02_21_59_43.png]]>
    </line>
    <line>
      <![CDATA[Testcase Failure Screenshot saved at : file:/Users/manoj/Documents/GitHub/ICEHRM/Screenshots/testTerminateEmployee2019_05_02_22_07_58.png]]>
    </line>
    <line>
      <![CDATA[Testcase Failure Screenshot saved at : file:/Users/manoj/Documents/GitHub/ICEHRM/Screenshots/testTerminateEmployee2019_05_02_22_08_27.png]]>
    </line>
    <line>
      <![CDATA[Testcase Failure Screenshot saved at : file:/Users/manoj/Documents/GitHub/ICEHRM/Screenshots/testTerminateEmployee2019_05_02_22_08_53.png]]>
    </line>
    <line>
      <![CDATA[Testcase Failure Screenshot saved at : file:/Users/manoj/Documents/GitHub/ICEHRM/Screenshots/testTerminateEmployee2019_05_02_22_09_24.png]]>
    </line>
    <line>
      <![CDATA[Testcase Failure Screenshot saved at : file:/Users/manoj/Documents/GitHub/ICEHRM/Screenshots/testTerminateEmployee2019_05_02_22_09_55.png]]>
    </line>
    <line>
      <![CDATA[Testcase Failure Screenshot saved at : file:/Users/manoj/Documents/GitHub/ICEHRM/Screenshots/testTerminateEmployee2019_05_02_22_10_26.png]]>
    </line>
    <line>
      <![CDATA[Testcase Failure Screenshot saved at : file:/Users/manoj/Documents/GitHub/ICEHRM/Screenshots/testTerminateEmployeeDataDownLoad2019_05_02_22_10_56.png]]>
    </line>
    <line>
      <![CDATA[Testcase Failure Screenshot saved at : file:/Users/manoj/Documents/GitHub/ICEHRM/Screenshots/testTerminateEmployeeDelete2019_05_02_22_11_23.png]]>
    </line>
    <line>
      <![CDATA[Testcase Failure Screenshot saved at : file:/Users/manoj/Documents/GitHub/ICEHRM/Screenshots/testTerminateEmployeeDelete2019_05_02_22_13_09.png]]>
    </line>
  </reporter-output>
  <suite name="example suite 1" duration-ms="1824008" started-at="2019-02-05T16:13:10Z" finished-at="2019-02-05T16:43:34Z">
    <groups>
    </groups>
    <test name="exampletest1" duration-ms="56213" started-at="2019-02-05T16:13:10Z" finished-at="2019-02-05T16:14:06Z">
      <class name="sprint0.UserLogin">
        <test-method status="PASS" signature="beforeTest()[pri:0, instance:sprint0.UserLogin@5ace1ed4]" name="beforeTest" is-config="true" duration-ms="646" started-at="2019-02-05T16:13:10Z" finished-at="2019-02-05T16:13:11Z">
          <reporter-output>
          </reporter-output>
        </test-method> <!-- beforeTest -->
        <test-method status="PASS" signature="beforeMethod(java.lang.reflect.Method, java.lang.String)[pri:0, instance:sprint0.UserLogin@5ace1ed4]" name="beforeMethod" is-config="true" duration-ms="7028" started-at="2019-02-05T16:13:11Z" finished-at="2019-02-05T16:13:18Z">
          <params>
            <param index="0">
              <value>
                <![CDATA[public void sprint0.UserLogin.testUserLogin_valid()]]>
              </value>
            </param>
            <param index="1">
              <value>
                <![CDATA[hidden]]>
              </value>
            </param>
          </params>
          <reporter-output>
          </reporter-output>
        </test-method> <!-- beforeMethod -->
        <test-method status="PASS" signature="testUserLogin_valid()[pri:1, instance:sprint0.UserLogin@5ace1ed4]" name="testUserLogin_valid" duration-ms="11229" started-at="2019-02-05T16:13:18Z" finished-at="2019-02-05T16:13:29Z">
          <reporter-output>
          </reporter-output>
        </test-method> <!-- testUserLogin_valid -->
        <test-method status="PASS" signature="afterTest(org.testng.ITestResult, java.lang.reflect.Method)[pri:0, instance:sprint0.UserLogin@5ace1ed4]" name="afterTest" is-config="true" duration-ms="81" started-at="2019-02-05T16:13:29Z" finished-at="2019-02-05T16:13:29Z">
          <params>
            <param index="0">
              <value>
                <![CDATA[[TestResult name=testUserLogin_valid status=SUCCESS method=UserLogin.testUserLogin_valid()[pri:1, instance:sprint0.UserLogin@5ace1ed4] output={null}]]]>
              </value>
            </param>
            <param index="1">
              <value>
                <![CDATA[public void sprint0.UserLogin.testUserLogin_valid()]]>
              </value>
            </param>
          </params>
          <reporter-output>
          </reporter-output>
        </test-method> <!-- afterTest -->
        <test-method status="PASS" signature="beforeMethod(java.lang.reflect.Method, java.lang.String)[pri:0, instance:sprint0.UserLogin@5ace1ed4]" name="beforeMethod" is-config="true" duration-ms="5196" started-at="2019-02-05T16:13:31Z" finished-at="2019-02-05T16:13:36Z">
          <params>
            <param index="0">
              <value>
                <![CDATA[public void sprint0.UserLogin.testUserLogin_inValid(java.lang.String,java.lang.String,java.lang.String)]]>
              </value>
            </param>
            <param index="1">
              <value>
                <![CDATA[hidden]]>
              </value>
            </param>
          </params>
          <reporter-output>
          </reporter-output>
        </test-method> <!-- beforeMethod -->
        <test-method status="PASS" signature="testUserLogin_inValid(java.lang.String, java.lang.String, java.lang.String)[pri:2, instance:sprint0.UserLogin@5ace1ed4]" name="testUserLogin_inValid" duration-ms="1089" started-at="2019-02-05T16:13:36Z" data-provider="LoginData" finished-at="2019-02-05T16:13:37Z">
          <params>
            <param index="0">
              <value>
                <![CDATA[admin]]>
              </value>
            </param>
            <param index="1">
              <value>
                <![CDATA[]]>
              </value>
            </param>
            <param index="2">
              <value>
                <![CDATA[0]]>
              </value>
            </param>
          </params>
          <reporter-output>
          </reporter-output>
        </test-method> <!-- testUserLogin_inValid -->
        <test-method status="PASS" signature="afterTest(org.testng.ITestResult, java.lang.reflect.Method)[pri:0, instance:sprint0.UserLogin@5ace1ed4]" name="afterTest" is-config="true" duration-ms="73" started-at="2019-02-05T16:13:37Z" finished-at="2019-02-05T16:13:37Z">
          <params>
            <param index="0">
              <value>
                <![CDATA[[TestResult name=testUserLogin_inValid status=SUCCESS method=UserLogin.testUserLogin_inValid(java.lang.String, java.lang.String, java.lang.String)[pri:2, instance:sprint0.UserLogin@5ace1ed4] output={null}]]]>
              </value>
            </param>
            <param index="1">
              <value>
                <![CDATA[public void sprint0.UserLogin.testUserLogin_inValid(java.lang.String,java.lang.String,java.lang.String)]]>
              </value>
            </param>
          </params>
          <reporter-output>
          </reporter-output>
        </test-method> <!-- afterTest -->
        <test-method status="PASS" signature="beforeMethod(java.lang.reflect.Method, java.lang.String)[pri:0, instance:sprint0.UserLogin@5ace1ed4]" name="beforeMethod" is-config="true" duration-ms="4584" started-at="2019-02-05T16:13:37Z" finished-at="2019-02-05T16:13:42Z">
          <params>
            <param index="0">
              <value>
                <![CDATA[public void sprint0.UserLogin.testUserLogin_inValid(java.lang.String,java.lang.String,java.lang.String)]]>
              </value>
            </param>
            <param index="1">
              <value>
                <![CDATA[hidden]]>
              </value>
            </param>
          </params>
          <reporter-output>
          </reporter-output>
        </test-method> <!-- beforeMethod -->
        <test-method status="PASS" signature="testUserLogin_inValid(java.lang.String, java.lang.String, java.lang.String)[pri:2, instance:sprint0.UserLogin@5ace1ed4]" name="testUserLogin_inValid" duration-ms="885" started-at="2019-02-05T16:13:42Z" data-provider="LoginData" finished-at="2019-02-05T16:13:43Z">
          <params>
            <param index="0">
              <value>
                <![CDATA[]]>
              </value>
            </param>
            <param index="1">
              <value>
                <![CDATA[admin]]>
              </value>
            </param>
            <param index="2">
              <value>
                <![CDATA[0]]>
              </value>
            </param>
          </params>
          <reporter-output>
          </reporter-output>
        </test-method> <!-- testUserLogin_inValid -->
        <test-method status="PASS" signature="afterTest(org.testng.ITestResult, java.lang.reflect.Method)[pri:0, instance:sprint0.UserLogin@5ace1ed4]" name="afterTest" is-config="true" duration-ms="78" started-at="2019-02-05T16:13:43Z" finished-at="2019-02-05T16:13:43Z">
          <params>
            <param index="0">
              <value>
                <![CDATA[[TestResult name=testUserLogin_inValid status=SUCCESS method=UserLogin.testUserLogin_inValid(java.lang.String, java.lang.String, java.lang.String)[pri:2, instance:sprint0.UserLogin@5ace1ed4] output={null}]]]>
              </value>
            </param>
            <param index="1">
              <value>
                <![CDATA[public void sprint0.UserLogin.testUserLogin_inValid(java.lang.String,java.lang.String,java.lang.String)]]>
              </value>
            </param>
          </params>
          <reporter-output>
          </reporter-output>
        </test-method> <!-- afterTest -->
        <test-method status="PASS" signature="beforeMethod(java.lang.reflect.Method, java.lang.String)[pri:0, instance:sprint0.UserLogin@5ace1ed4]" name="beforeMethod" is-config="true" duration-ms="5496" started-at="2019-02-05T16:13:43Z" finished-at="2019-02-05T16:13:48Z">
          <params>
            <param index="0">
              <value>
                <![CDATA[public void sprint0.UserLogin.testUserLogin_inValid(java.lang.String,java.lang.String,java.lang.String)]]>
              </value>
            </param>
            <param index="1">
              <value>
                <![CDATA[hidden]]>
              </value>
            </param>
          </params>
          <reporter-output>
          </reporter-output>
        </test-method> <!-- beforeMethod -->
        <test-method status="PASS" signature="testUserLogin_inValid(java.lang.String, java.lang.String, java.lang.String)[pri:2, instance:sprint0.UserLogin@5ace1ed4]" name="testUserLogin_inValid" duration-ms="1657" started-at="2019-02-05T16:13:48Z" data-provider="LoginData" finished-at="2019-02-05T16:13:50Z">
          <params>
            <param index="0">
              <value>
                <![CDATA[1234344444556660]]>
              </value>
            </param>
            <param index="1">
              <value>
                <![CDATA[435365464576577657657]]>
              </value>
            </param>
            <param index="2">
              <value>
                <![CDATA[1]]>
              </value>
            </param>
          </params>
          <reporter-output>
          </reporter-output>
        </test-method> <!-- testUserLogin_inValid -->
        <test-method status="PASS" signature="afterTest(org.testng.ITestResult, java.lang.reflect.Method)[pri:0, instance:sprint0.UserLogin@5ace1ed4]" name="afterTest" is-config="true" duration-ms="74" started-at="2019-02-05T16:13:50Z" finished-at="2019-02-05T16:13:50Z">
          <params>
            <param index="0">
              <value>
                <![CDATA[[TestResult name=testUserLogin_inValid status=SUCCESS method=UserLogin.testUserLogin_inValid(java.lang.String, java.lang.String, java.lang.String)[pri:2, instance:sprint0.UserLogin@5ace1ed4] output={null}]]]>
              </value>
            </param>
            <param index="1">
              <value>
                <![CDATA[public void sprint0.UserLogin.testUserLogin_inValid(java.lang.String,java.lang.String,java.lang.String)]]>
              </value>
            </param>
          </params>
          <reporter-output>
          </reporter-output>
        </test-method> <!-- afterTest -->
        <test-method status="PASS" signature="beforeMethod(java.lang.reflect.Method, java.lang.String)[pri:0, instance:sprint0.UserLogin@5ace1ed4]" name="beforeMethod" is-config="true" duration-ms="5635" started-at="2019-02-05T16:13:50Z" finished-at="2019-02-05T16:13:56Z">
          <params>
            <param index="0">
              <value>
                <![CDATA[public void sprint0.UserLogin.testUserLogin_inValid(java.lang.String,java.lang.String,java.lang.String)]]>
              </value>
            </param>
            <param index="1">
              <value>
                <![CDATA[hidden]]>
              </value>
            </param>
          </params>
          <reporter-output>
          </reporter-output>
        </test-method> <!-- beforeMethod -->
        <test-method status="PASS" signature="testUserLogin_inValid(java.lang.String, java.lang.String, java.lang.String)[pri:2, instance:sprint0.UserLogin@5ace1ed4]" name="testUserLogin_inValid" duration-ms="2270" started-at="2019-02-05T16:13:56Z" data-provider="LoginData" finished-at="2019-02-05T16:13:58Z">
          <params>
            <param index="0">
              <value>
                <![CDATA[dsfsafgsagfdsfgsdkfgdsksjggfdsgdgfdgfdfngfhgfhfhgfhgfhjghjgfhjgfjhgjgfjhgjhgjhgdtrytrytrvcgfhfg]]>
              </value>
            </param>
            <param index="1">
              <value>
                <![CDATA[fdlkgfdhjghdsflkjgfdhjgfdghlfdhfdglkhfdsdsllsgfdgsfdgfdsgfdgfdfdggfhfhgfh]]>
              </value>
            </param>
            <param index="2">
              <value>
                <![CDATA[1]]>
              </value>
            </param>
          </params>
          <reporter-output>
          </reporter-output>
        </test-method> <!-- testUserLogin_inValid -->
        <test-method status="PASS" signature="afterTest(org.testng.ITestResult, java.lang.reflect.Method)[pri:0, instance:sprint0.UserLogin@5ace1ed4]" name="afterTest" is-config="true" duration-ms="78" started-at="2019-02-05T16:13:58Z" finished-at="2019-02-05T16:13:58Z">
          <params>
            <param index="0">
              <value>
                <![CDATA[[TestResult name=testUserLogin_inValid status=SUCCESS method=UserLogin.testUserLogin_inValid(java.lang.String, java.lang.String, java.lang.String)[pri:2, instance:sprint0.UserLogin@5ace1ed4] output={null}]]]>
              </value>
            </param>
            <param index="1">
              <value>
                <![CDATA[public void sprint0.UserLogin.testUserLogin_inValid(java.lang.String,java.lang.String,java.lang.String)]]>
              </value>
            </param>
          </params>
          <reporter-output>
          </reporter-output>
        </test-method> <!-- afterTest -->
        <test-method status="PASS" signature="beforeMethod(java.lang.reflect.Method, java.lang.String)[pri:0, instance:sprint0.UserLogin@5ace1ed4]" name="beforeMethod" is-config="true" duration-ms="6477" started-at="2019-02-05T16:13:58Z" finished-at="2019-02-05T16:14:04Z">
          <params>
            <param index="0">
              <value>
                <![CDATA[public void sprint0.UserLogin.testUserLogin_inValid(java.lang.String,java.lang.String,java.lang.String)]]>
              </value>
            </param>
            <param index="1">
              <value>
                <![CDATA[hidden]]>
              </value>
            </param>
          </params>
          <reporter-output>
          </reporter-output>
        </test-method> <!-- beforeMethod -->
        <test-method status="PASS" signature="testUserLogin_inValid(java.lang.String, java.lang.String, java.lang.String)[pri:2, instance:sprint0.UserLogin@5ace1ed4]" name="testUserLogin_inValid" duration-ms="1999" started-at="2019-02-05T16:14:04Z" data-provider="LoginData" finished-at="2019-02-05T16:14:06Z">
          <params>
            <param index="0">
              <value>
                <![CDATA[^&$*(%&^)(*^(*&)(^&]]>
              </value>
            </param>
            <param index="1">
              <value>
                <![CDATA[*%*(&^(^(*^(*^(*^(*^]]>
              </value>
            </param>
            <param index="2">
              <value>
                <![CDATA[1]]>
              </value>
            </param>
          </params>
          <reporter-output>
          </reporter-output>
        </test-method> <!-- testUserLogin_inValid -->
        <test-method status="PASS" signature="afterTest(org.testng.ITestResult, java.lang.reflect.Method)[pri:0, instance:sprint0.UserLogin@5ace1ed4]" name="afterTest" is-config="true" duration-ms="75" started-at="2019-02-05T16:14:06Z" finished-at="2019-02-05T16:14:06Z">
          <params>
            <param index="0">
              <value>
                <![CDATA[[TestResult name=testUserLogin_inValid status=SUCCESS method=UserLogin.testUserLogin_inValid(java.lang.String, java.lang.String, java.lang.String)[pri:2, instance:sprint0.UserLogin@5ace1ed4] output={null}]]]>
              </value>
            </param>
            <param index="1">
              <value>
                <![CDATA[public void sprint0.UserLogin.testUserLogin_inValid(java.lang.String,java.lang.String,java.lang.String)]]>
              </value>
            </param>
          </params>
          <reporter-output>
          </reporter-output>
        </test-method> <!-- afterTest -->
        <test-method status="PASS" signature="afterTest()[pri:0, instance:sprint0.UserLogin@5ace1ed4]" name="afterTest" is-config="true" duration-ms="0" started-at="2019-02-05T16:14:06Z" finished-at="2019-02-05T16:14:06Z">
          <reporter-output>
          </reporter-output>
        </test-method> <!-- afterTest -->
      </class> <!-- sprint0.UserLogin -->
    </test> <!-- exampletest1 -->
    <test name="exampletest2" duration-ms="578198" started-at="2019-02-05T16:14:08Z" finished-at="2019-02-05T16:23:46Z">
      <class name="sprint0.EmployessAddEmployee">
        <test-method status="PASS" signature="beforeTest()[pri:0, instance:sprint0.EmployessAddEmployee@15aab8c6]" name="beforeTest" is-config="true" duration-ms="17" started-at="2019-02-05T16:14:08Z" finished-at="2019-02-05T16:14:08Z">
          <reporter-output>
          </reporter-output>
        </test-method> <!-- beforeTest -->
        <test-method status="PASS" signature="beforeMethod(java.lang.reflect.Method, java.lang.String)[pri:0, instance:sprint0.EmployessAddEmployee@15aab8c6]" name="beforeMethod" is-config="true" duration-ms="7271" started-at="2019-02-05T16:14:08Z" finished-at="2019-02-05T16:14:15Z">
          <params>
            <param index="0">
              <value>
                <![CDATA[public void sprint0.EmployessAddEmployee.testAddUserValid(java.lang.String,java.lang.String,java.lang.String,java.lang.String,java.lang.String,java.lang.String,java.lang.String,java.lang.String,java.lang.String,java.lang.String,java.lang.String,java.lang.String,java.lang.String,java.lang.String,java.lang.String,java.lang.String,java.lang.String,java.lang.String,java.lang.String,java.lang.String,java.lang.String,java.lang.String,java.lang.String,java.lang.String,java.lang.String,java.lang.String,java.lang.String,java.lang.String,java.lang.String,java.lang.String,java.lang.String,java.lang.String,java.lang.String,java.lang.String,java.lang.String,java.lang.String,java.lang.String,java.lang.String) throws java.lang.InterruptedException]]>
              </value>
            </param>
            <param index="1">
              <value>
                <![CDATA[hidden]]>
              </value>
            </param>
          </params>
          <reporter-output>
          </reporter-output>
        </test-method> <!-- beforeMethod -->
        <test-method status="PASS" signature="testAddUserValid(java.lang.String, java.lang.String, java.lang.String, java.lang.String, java.lang.String, java.lang.String, java.lang.String, java.lang.String, java.lang.String, java.lang.String, java.lang.String, java.lang.String, java.lang.String, java.lang.String, java.lang.String, java.lang.String, java.lang.String, java.lang.String, java.lang.String, java.lang.String, java.lang.String, java.lang.String, java.lang.String, java.lang.String, java.lang.String, java.lang.String, java.lang.String, java.lang.String, java.lang.String, java.lang.String, java.lang.String, java.lang.String, java.lang.String, java.lang.String, java.lang.String, java.lang.String, java.lang.String, java.lang.String)[pri:1, instance:sprint0.EmployessAddEmployee@15aab8c6]" name="testAddUserValid" duration-ms="25641" started-at="2019-02-05T16:14:15Z" data-provider="EmployeeData" finished-at="2019-02-05T16:14:41Z">
          <params>
            <param index="0">
              <value>
                <![CDATA[IND0001001]]>
              </value>
            </param>
            <param index="1">
              <value>
                <![CDATA[James]]>
              </value>
            </param>
            <param index="2">
              <value>
                <![CDATA[Martin]]>
              </value>
            </param>
            <param index="3">
              <value>
                <![CDATA[Indian]]>
              </value>
            </param>
            <param index="4">
              <value>
                <![CDATA[19801012]]>
              </value>
            </param>
            <param index="5">
              <value>
                <![CDATA[Male]]>
              </value>
            </param>
            <param index="6">
              <value>
                <![CDATA[Divorced]]>
              </value>
            </param>
            <param index="7">
              <value>
                <![CDATA[Part Time Permanent]]>
              </value>
            </param>
            <param index="8">
              <value>
                <![CDATA[Product Manager]]>
              </value>
            </param>
            <param index="9">
              <value>
                <![CDATA[India]]>
              </value>
            </param>
            <param index="10">
              <value>
                <![CDATA[20101231]]>
              </value>
            </param>
            <param index="11">
              <value>
                <![CDATA[Head Office]]>
              </value>
            </param>
            <param index="12">
              <value>
                <![CDATA[IceHrm Employee]]>
              </value>
            </param>
            <param index="13">
              <value>
                <![CDATA[Stuart]]>
              </value>
            </param>
            <param index="14">
              <value>
                <![CDATA[Asian American]]>
              </value>
            </param>
            <param index="15">
              <value>
                <![CDATA[Work Permit Holder]]>
              </value>
            </param>
            <param index="16">
              <value>
                <![CDATA[SSN000001]]>
              </value>
            </param>
            <param index="17">
              <value>
                <![CDATA[10201012]]>
              </value>
            </param>
            <param index="18">
              <value>
                <![CDATA[JAMES]]>
              </value>
            </param>
            <param index="19">
              <value>
                <![CDATA[DL1010101]]>
              </value>
            </param>
            <param index="20">
              <value>
                <![CDATA[Administrator]]>
              </value>
            </param>
            <param index="21">
              <value>
                <![CDATA[JAMESMARTIN]]>
              </value>
            </param>
            <param index="22">
              <value>
                <![CDATA[ROOP MAHEL]]>
              </value>
            </param>
            <param index="23">
              <value>
                <![CDATA[PREM GALLI]]>
              </value>
            </param>
            <param index="24">
              <value>
                <![CDATA[MARATHON]]>
              </value>
            </param>
            <param index="25">
              <value>
                <![CDATA[Massachusetts]]>
              </value>
            </param>
            <param index="26">
              <value>
                <![CDATA[46746]]>
              </value>
            </param>
            <param index="27">
              <value>
                <![CDATA[4538753857]]>
              </value>
            </param>
            <param index="28">
              <value>
                <![CDATA[5479347589]]>
              </value>
            </param>
            <param index="29">
              <value>
                <![CDATA[9348958958]]>
              </value>
            </param>
            <param index="30">
              <value>
                <![CDATA[james@gmail.com]]>
              </value>
            </param>
            <param index="31">
              <value>
                <![CDATA[martin@gmail.com]]>
              </value>
            </param>
            <param index="32">
              <value>
                <![CDATA[20121212]]>
              </value>
            </param>
            <param index="33">
              <value>
                <![CDATA[20121212]]>
              </value>
            </param>
            <param index="34">
              <value>
                <![CDATA[IceHrm Employee]]>
              </value>
            </param>
            <param index="35">
              <value>
                <![CDATA[Taylor Holmes]]>
              </value>
            </param>
            <param index="36">
              <value>
                <![CDATA[Gary Ruth]]>
              </value>
            </param>
            <param index="37">
              <value>
                <![CDATA[Cynthia Roger]]>
              </value>
            </param>
          </params>
          <reporter-output>
          </reporter-output>
        </test-method> <!-- testAddUserValid -->
        <test-method status="PASS" signature="afterTest(org.testng.ITestResult, java.lang.reflect.Method)[pri:0, instance:sprint0.EmployessAddEmployee@15aab8c6]" name="afterTest" is-config="true" duration-ms="88" started-at="2019-02-05T16:14:41Z" finished-at="2019-02-05T16:14:41Z">
          <params>
            <param index="0">
              <value>
                <![CDATA[[TestResult name=testAddUserValid status=SUCCESS method=EmployessAddEmployee.testAddUserValid(java.lang.String, java.lang.String, java.lang.String, java.lang.String, java.lang.String, java.lang.String, java.lang.String, java.lang.String, java.lang.String, java.lang.String, java.lang.String, java.lang.String, java.lang.String, java.lang.String, java.lang.String, java.lang.String, java.lang.String, java.lang.String, java.lang.String, java.lang.String, java.lang.String, java.lang.String, java.lang.String, java.lang.String, java.lang.String, java.lang.String, java.lang.String, java.lang.String, java.lang.String, java.lang.String, java.lang.String, java.lang.String, java.lang.String, java.lang.String, java.lang.String, java.lang.String, java.lang.String, java.lang.String)[pri:1, instance:sprint0.EmployessAddEmployee@15aab8c6] output={null}]]]>
              </value>
            </param>
            <param index="1">
              <value>
                <![CDATA[public void sprint0.EmployessAddEmployee.testAddUserValid(java.lang.String,java.lang.String,java.lang.String,java.lang.String,java.lang.String,java.lang.String,java.lang.String,java.lang.String,java.lang.String,java.lang.String,java.lang.String,java.lang.String,java.lang.String,java.lang.String,java.lang.String,java.lang.String,java.lang.String,java.lang.String,java.lang.String,java.lang.String,java.lang.String,java.lang.String,java.lang.String,java.lang.String,java.lang.String,java.lang.String,java.lang.String,java.lang.String,java.lang.String,java.lang.String,java.lang.String,java.lang.String,java.lang.String,java.lang.String,java.lang.String,java.lang.String,java.lang.String,java.lang.String) throws java.lang.InterruptedException]]>
              </value>
            </param>
          </params>
          <reporter-output>
          </reporter-output>
        </test-method> <!-- afterTest -->
        <test-method status="PASS" signature="beforeMethod(java.lang.reflect.Method, java.lang.String)[pri:0, instance:sprint0.EmployessAddEmployee@15aab8c6]" name="beforeMethod" is-config="true" duration-ms="6527" started-at="2019-02-05T16:14:41Z" finished-at="2019-02-05T16:14:48Z">
          <params>
            <param index="0">
              <value>
                <![CDATA[public void sprint0.EmployessAddEmployee.testAddUserValid(java.lang.String,java.lang.String,java.lang.String,java.lang.String,java.lang.String,java.lang.String,java.lang.String,java.lang.String,java.lang.String,java.lang.String,java.lang.String,java.lang.String,java.lang.String,java.lang.String,java.lang.String,java.lang.String,java.lang.String,java.lang.String,java.lang.String,java.lang.String,java.lang.String,java.lang.String,java.lang.String,java.lang.String,java.lang.String,java.lang.String,java.lang.String,java.lang.String,java.lang.String,java.lang.String,java.lang.String,java.lang.String,java.lang.String,java.lang.String,java.lang.String,java.lang.String,java.lang.String,java.lang.String) throws java.lang.InterruptedException]]>
              </value>
            </param>
            <param index="1">
              <value>
                <![CDATA[hidden]]>
              </value>
            </param>
          </params>
          <reporter-output>
          </reporter-output>
        </test-method> <!-- beforeMethod -->
        <test-method status="PASS" signature="testAddUserValid(java.lang.String, java.lang.String, java.lang.String, java.lang.String, java.lang.String, java.lang.String, java.lang.String, java.lang.String, java.lang.String, java.lang.String, java.lang.String, java.lang.String, java.lang.String, java.lang.String, java.lang.String, java.lang.String, java.lang.String, java.lang.String, java.lang.String, java.lang.String, java.lang.String, java.lang.String, java.lang.String, java.lang.String, java.lang.String, java.lang.String, java.lang.String, java.lang.String, java.lang.String, java.lang.String, java.lang.String, java.lang.String, java.lang.String, java.lang.String, java.lang.String, java.lang.String, java.lang.String, java.lang.String)[pri:1, instance:sprint0.EmployessAddEmployee@15aab8c6]" name="testAddUserValid" duration-ms="26455" started-at="2019-02-05T16:14:48Z" data-provider="EmployeeData" finished-at="2019-02-05T16:15:14Z">
          <params>
            <param index="0">
              <value>
                <![CDATA[IND0001002]]>
              </value>
            </param>
            <param index="1">
              <value>
                <![CDATA[Kale]]>
              </value>
            </param>
            <param index="2">
              <value>
                <![CDATA[Kale]]>
              </value>
            </param>
            <param index="3">
              <value>
                <![CDATA[Indian]]>
              </value>
            </param>
            <param index="4">
              <value>
                <![CDATA[19801013]]>
              </value>
            </param>
            <param index="5">
              <value>
                <![CDATA[Female]]>
              </value>
            </param>
            <param index="6">
              <value>
                <![CDATA[Divorced]]>
              </value>
            </param>
            <param index="7">
              <value>
                <![CDATA[Part Time Permanent]]>
              </value>
            </param>
            <param index="8">
              <value>
                <![CDATA[Product Manager]]>
              </value>
            </param>
            <param index="9">
              <value>
                <![CDATA[India]]>
              </value>
            </param>
            <param index="10">
              <value>
                <![CDATA[20101232]]>
              </value>
            </param>
            <param index="11">
              <value>
                <![CDATA[Head Office]]>
              </value>
            </param>
            <param index="12">
              <value>
                <![CDATA[IceHrm Employee]]>
              </value>
            </param>
            <param index="13">
              <value>
                <![CDATA[Stuart]]>
              </value>
            </param>
            <param index="14">
              <value>
                <![CDATA[Asian American]]>
              </value>
            </param>
            <param index="15">
              <value>
                <![CDATA[Work Permit Holder]]>
              </value>
            </param>
            <param index="16">
              <value>
                <![CDATA[SSN000002]]>
              </value>
            </param>
            <param index="17">
              <value>
                <![CDATA[10201013]]>
              </value>
            </param>
            <param index="18">
              <value>
                <![CDATA[JAMES]]>
              </value>
            </param>
            <param index="19">
              <value>
                <![CDATA[DL1010102]]>
              </value>
            </param>
            <param index="20">
              <value>
                <![CDATA[Administrator]]>
              </value>
            </param>
            <param index="21">
              <value>
                <![CDATA[JAMESMARTIN]]>
              </value>
            </param>
            <param index="22">
              <value>
                <![CDATA[ROOP MAHEL]]>
              </value>
            </param>
            <param index="23">
              <value>
                <![CDATA[PREM GALLI]]>
              </value>
            </param>
            <param index="24">
              <value>
                <![CDATA[MARATHON]]>
              </value>
            </param>
            <param index="25">
              <value>
                <![CDATA[Massachusetts]]>
              </value>
            </param>
            <param index="26">
              <value>
                <![CDATA[46747]]>
              </value>
            </param>
            <param index="27">
              <value>
                <![CDATA[4538753857]]>
              </value>
            </param>
            <param index="28">
              <value>
                <![CDATA[5479347589]]>
              </value>
            </param>
            <param index="29">
              <value>
                <![CDATA[9348958958]]>
              </value>
            </param>
            <param index="30">
              <value>
                <![CDATA[Nazia@gmail.com]]>
              </value>
            </param>
            <param index="31">
              <value>
                <![CDATA[Nazia@gmail.com]]>
              </value>
            </param>
            <param index="32">
              <value>
                <![CDATA[20121212]]>
              </value>
            </param>
            <param index="33">
              <value>
                <![CDATA[20121212]]>
              </value>
            </param>
            <param index="34">
              <value>
                <![CDATA[IceHrm Employee]]>
              </value>
            </param>
            <param index="35">
              <value>
                <![CDATA[Taylor Holmes]]>
              </value>
            </param>
            <param index="36">
              <value>
                <![CDATA[Gary Ruth]]>
              </value>
            </param>
            <param index="37">
              <value>
                <![CDATA[Cynthia Roger]]>
              </value>
            </param>
          </params>
          <reporter-output>
          </reporter-output>
        </test-method> <!-- testAddUserValid -->
        <test-method status="PASS" signature="afterTest(org.testng.ITestResult, java.lang.reflect.Method)[pri:0, instance:sprint0.EmployessAddEmployee@15aab8c6]" name="afterTest" is-config="true" duration-ms="88" started-at="2019-02-05T16:15:14Z" finished-at="2019-02-05T16:15:14Z">
          <params>
            <param index="0">
              <value>
                <![CDATA[[TestResult name=testAddUserValid status=SUCCESS method=EmployessAddEmployee.testAddUserValid(java.lang.String, java.lang.String, java.lang.String, java.lang.String, java.lang.String, java.lang.String, java.lang.String, java.lang.String, java.lang.String, java.lang.String, java.lang.String, java.lang.String, java.lang.String, java.lang.String, java.lang.String, java.lang.String, java.lang.String, java.lang.String, java.lang.String, java.lang.String, java.lang.String, java.lang.String, java.lang.String, java.lang.String, java.lang.String, java.lang.String, java.lang.String, java.lang.String, java.lang.String, java.lang.String, java.lang.String, java.lang.String, java.lang.String, java.lang.String, java.lang.String, java.lang.String, java.lang.String, java.lang.String)[pri:1, instance:sprint0.EmployessAddEmployee@15aab8c6] output={null}]]]>
              </value>
            </param>
            <param index="1">
              <value>
                <![CDATA[public void sprint0.EmployessAddEmployee.testAddUserValid(java.lang.String,java.lang.String,java.lang.String,java.lang.String,java.lang.String,java.lang.String,java.lang.String,java.lang.String,java.lang.String,java.lang.String,java.lang.String,java.lang.String,java.lang.String,java.lang.String,java.lang.String,java.lang.String,java.lang.String,java.lang.String,java.lang.String,java.lang.String,java.lang.String,java.lang.String,java.lang.String,java.lang.String,java.lang.String,java.lang.String,java.lang.String,java.lang.String,java.lang.String,java.lang.String,java.lang.String,java.lang.String,java.lang.String,java.lang.String,java.lang.String,java.lang.String,java.lang.String,java.lang.String) throws java.lang.InterruptedException]]>
              </value>
            </param>
          </params>
          <reporter-output>
          </reporter-output>
        </test-method> <!-- afterTest -->
        <test-method status="PASS" signature="beforeMethod(java.lang.reflect.Method, java.lang.String)[pri:0, instance:sprint0.EmployessAddEmployee@15aab8c6]" name="beforeMethod" is-config="true" duration-ms="6355" started-at="2019-02-05T16:15:14Z" finished-at="2019-02-05T16:15:20Z">
          <params>
            <param index="0">
              <value>
                <![CDATA[public void sprint0.EmployessAddEmployee.testAddUserValid(java.lang.String,java.lang.String,java.lang.String,java.lang.String,java.lang.String,java.lang.String,java.lang.String,java.lang.String,java.lang.String,java.lang.String,java.lang.String,java.lang.String,java.lang.String,java.lang.String,java.lang.String,java.lang.String,java.lang.String,java.lang.String,java.lang.String,java.lang.String,java.lang.String,java.lang.String,java.lang.String,java.lang.String,java.lang.String,java.lang.String,java.lang.String,java.lang.String,java.lang.String,java.lang.String,java.lang.String,java.lang.String,java.lang.String,java.lang.String,java.lang.String,java.lang.String,java.lang.String,java.lang.String) throws java.lang.InterruptedException]]>
              </value>
            </param>
            <param index="1">
              <value>
                <![CDATA[hidden]]>
              </value>
            </param>
          </params>
          <reporter-output>
          </reporter-output>
        </test-method> <!-- beforeMethod -->
        <test-method status="PASS" signature="testAddUserValid(java.lang.String, java.lang.String, java.lang.String, java.lang.String, java.lang.String, java.lang.String, java.lang.String, java.lang.String, java.lang.String, java.lang.String, java.lang.String, java.lang.String, java.lang.String, java.lang.String, java.lang.String, java.lang.String, java.lang.String, java.lang.String, java.lang.String, java.lang.String, java.lang.String, java.lang.String, java.lang.String, java.lang.String, java.lang.String, java.lang.String, java.lang.String, java.lang.String, java.lang.String, java.lang.String, java.lang.String, java.lang.String, java.lang.String, java.lang.String, java.lang.String, java.lang.String, java.lang.String, java.lang.String)[pri:1, instance:sprint0.EmployessAddEmployee@15aab8c6]" name="testAddUserValid" duration-ms="22668" started-at="2019-02-05T16:15:20Z" data-provider="EmployeeData" finished-at="2019-02-05T16:15:43Z">
          <params>
            <param index="0">
              <value>
                <![CDATA[IND0001003]]>
              </value>
            </param>
            <param index="1">
              <value>
                <![CDATA[Zucchinni]]>
              </value>
            </param>
            <param index="2">
              <value>
                <![CDATA[Zucchinni]]>
              </value>
            </param>
            <param index="3">
              <value>
                <![CDATA[Indian]]>
              </value>
            </param>
            <param index="4">
              <value>
                <![CDATA[19801014]]>
              </value>
            </param>
            <param index="5">
              <value>
                <![CDATA[Female]]>
              </value>
            </param>
            <param index="6">
              <value>
                <![CDATA[Divorced]]>
              </value>
            </param>
            <param index="7">
              <value>
                <![CDATA[Part Time Permanent]]>
              </value>
            </param>
            <param index="8">
              <value>
                <![CDATA[Product Manager]]>
              </value>
            </param>
            <param index="9">
              <value>
                <![CDATA[India]]>
              </value>
            </param>
            <param index="10">
              <value>
                <![CDATA[20101233]]>
              </value>
            </param>
            <param index="11">
              <value>
                <![CDATA[Head Office]]>
              </value>
            </param>
            <param index="12">
              <value>
                <![CDATA[IceHrm Employee]]>
              </value>
            </param>
            <param index="13">
              <value>
                <![CDATA[Stuart]]>
              </value>
            </param>
            <param index="14">
              <value>
                <![CDATA[Asian American]]>
              </value>
            </param>
            <param index="15">
              <value>
                <![CDATA[Work Permit Holder]]>
              </value>
            </param>
            <param index="16">
              <value>
                <![CDATA[SSN000003]]>
              </value>
            </param>
            <param index="17">
              <value>
                <![CDATA[10201014]]>
              </value>
            </param>
            <param index="18">
              <value>
                <![CDATA[JAMES]]>
              </value>
            </param>
            <param index="19">
              <value>
                <![CDATA[DL1010103]]>
              </value>
            </param>
            <param index="20">
              <value>
                <![CDATA[Administrator]]>
              </value>
            </param>
            <param index="21">
              <value>
                <![CDATA[JAMESMARTIN]]>
              </value>
            </param>
            <param index="22">
              <value>
                <![CDATA[ROOP MAHEL]]>
              </value>
            </param>
            <param index="23">
              <value>
                <![CDATA[PREM GALLI]]>
              </value>
            </param>
            <param index="24">
              <value>
                <![CDATA[MARATHON]]>
              </value>
            </param>
            <param index="25">
              <value>
                <![CDATA[Massachusetts]]>
              </value>
            </param>
            <param index="26">
              <value>
                <![CDATA[46748]]>
              </value>
            </param>
            <param index="27">
              <value>
                <![CDATA[4538753857]]>
              </value>
            </param>
            <param index="28">
              <value>
                <![CDATA[5479347589]]>
              </value>
            </param>
            <param index="29">
              <value>
                <![CDATA[9348958958]]>
              </value>
            </param>
            <param index="30">
              <value>
                <![CDATA[Laila@gmail.com]]>
              </value>
            </param>
            <param index="31">
              <value>
                <![CDATA[Laila@gmail.com]]>
              </value>
            </param>
            <param index="32">
              <value>
                <![CDATA[20121212]]>
              </value>
            </param>
            <param index="33">
              <value>
                <![CDATA[20121212]]>
              </value>
            </param>
            <param index="34">
              <value>
                <![CDATA[IceHrm Employee]]>
              </value>
            </param>
            <param index="35">
              <value>
                <![CDATA[Taylor Holmes]]>
              </value>
            </param>
            <param index="36">
              <value>
                <![CDATA[Gary Ruth]]>
              </value>
            </param>
            <param index="37">
              <value>
                <![CDATA[Cynthia Roger]]>
              </value>
            </param>
          </params>
          <reporter-output>
          </reporter-output>
        </test-method> <!-- testAddUserValid -->
        <test-method status="PASS" signature="afterTest(org.testng.ITestResult, java.lang.reflect.Method)[pri:0, instance:sprint0.EmployessAddEmployee@15aab8c6]" name="afterTest" is-config="true" duration-ms="80" started-at="2019-02-05T16:15:43Z" finished-at="2019-02-05T16:15:43Z">
          <params>
            <param index="0">
              <value>
                <![CDATA[[TestResult name=testAddUserValid status=SUCCESS method=EmployessAddEmployee.testAddUserValid(java.lang.String, java.lang.String, java.lang.String, java.lang.String, java.lang.String, java.lang.String, java.lang.String, java.lang.String, java.lang.String, java.lang.String, java.lang.String, java.lang.String, java.lang.String, java.lang.String, java.lang.String, java.lang.String, java.lang.String, java.lang.String, java.lang.String, java.lang.String, java.lang.String, java.lang.String, java.lang.String, java.lang.String, java.lang.String, java.lang.String, java.lang.String, java.lang.String, java.lang.String, java.lang.String, java.lang.String, java.lang.String, java.lang.String, java.lang.String, java.lang.String, java.lang.String, java.lang.String, java.lang.String)[pri:1, instance:sprint0.EmployessAddEmployee@15aab8c6] output={null}]]]>
              </value>
            </param>
            <param index="1">
              <value>
                <![CDATA[public void sprint0.EmployessAddEmployee.testAddUserValid(java.lang.String,java.lang.String,java.lang.String,java.lang.String,java.lang.String,java.lang.String,java.lang.String,java.lang.String,java.lang.String,java.lang.String,java.lang.String,java.lang.String,java.lang.String,java.lang.String,java.lang.String,java.lang.String,java.lang.String,java.lang.String,java.lang.String,java.lang.String,java.lang.String,java.lang.String,java.lang.String,java.lang.String,java.lang.String,java.lang.String,java.lang.String,java.lang.String,java.lang.String,java.lang.String,java.lang.String,java.lang.String,java.lang.String,java.lang.String,java.lang.String,java.lang.String,java.lang.String,java.lang.String) throws java.lang.InterruptedException]]>
              </value>
            </param>
          </params>
          <reporter-output>
          </reporter-output>
        </test-method> <!-- afterTest -->
        <test-method status="PASS" signature="beforeMethod(java.lang.reflect.Method, java.lang.String)[pri:0, instance:sprint0.EmployessAddEmployee@15aab8c6]" name="beforeMethod" is-config="true" duration-ms="6768" started-at="2019-02-05T16:15:43Z" finished-at="2019-02-05T16:15:50Z">
          <params>
            <param index="0">
              <value>
                <![CDATA[public void sprint0.EmployessAddEmployee.testAddUserValid(java.lang.String,java.lang.String,java.lang.String,java.lang.String,java.lang.String,java.lang.String,java.lang.String,java.lang.String,java.lang.String,java.lang.String,java.lang.String,java.lang.String,java.lang.String,java.lang.String,java.lang.String,java.lang.String,java.lang.String,java.lang.String,java.lang.String,java.lang.String,java.lang.String,java.lang.String,java.lang.String,java.lang.String,java.lang.String,java.lang.String,java.lang.String,java.lang.String,java.lang.String,java.lang.String,java.lang.String,java.lang.String,java.lang.String,java.lang.String,java.lang.String,java.lang.String,java.lang.String,java.lang.String) throws java.lang.InterruptedException]]>
              </value>
            </param>
            <param index="1">
              <value>
                <![CDATA[hidden]]>
              </value>
            </param>
          </params>
          <reporter-output>
          </reporter-output>
        </test-method> <!-- beforeMethod -->
        <test-method status="PASS" signature="testAddUserValid(java.lang.String, java.lang.String, java.lang.String, java.lang.String, java.lang.String, java.lang.String, java.lang.String, java.lang.String, java.lang.String, java.lang.String, java.lang.String, java.lang.String, java.lang.String, java.lang.String, java.lang.String, java.lang.String, java.lang.String, java.lang.String, java.lang.String, java.lang.String, java.lang.String, java.lang.String, java.lang.String, java.lang.String, java.lang.String, java.lang.String, java.lang.String, java.lang.String, java.lang.String, java.lang.String, java.lang.String, java.lang.String, java.lang.String, java.lang.String, java.lang.String, java.lang.String, java.lang.String, java.lang.String)[pri:1, instance:sprint0.EmployessAddEmployee@15aab8c6]" name="testAddUserValid" duration-ms="23398" started-at="2019-02-05T16:15:50Z" data-provider="EmployeeData" finished-at="2019-02-05T16:16:13Z">
          <params>
            <param index="0">
              <value>
                <![CDATA[IND0001004]]>
              </value>
            </param>
            <param index="1">
              <value>
                <![CDATA[Oliver]]>
              </value>
            </param>
            <param index="2">
              <value>
                <![CDATA[Olives]]>
              </value>
            </param>
            <param index="3">
              <value>
                <![CDATA[Indian]]>
              </value>
            </param>
            <param index="4">
              <value>
                <![CDATA[19801015]]>
              </value>
            </param>
            <param index="5">
              <value>
                <![CDATA[Male]]>
              </value>
            </param>
            <param index="6">
              <value>
                <![CDATA[Divorced]]>
              </value>
            </param>
            <param index="7">
              <value>
                <![CDATA[Part Time Permanent]]>
              </value>
            </param>
            <param index="8">
              <value>
                <![CDATA[Product Manager]]>
              </value>
            </param>
            <param index="9">
              <value>
                <![CDATA[India]]>
              </value>
            </param>
            <param index="10">
              <value>
                <![CDATA[20101234]]>
              </value>
            </param>
            <param index="11">
              <value>
                <![CDATA[Head Office]]>
              </value>
            </param>
            <param index="12">
              <value>
                <![CDATA[IceHrm Employee]]>
              </value>
            </param>
            <param index="13">
              <value>
                <![CDATA[Stuart]]>
              </value>
            </param>
            <param index="14">
              <value>
                <![CDATA[Asian American]]>
              </value>
            </param>
            <param index="15">
              <value>
                <![CDATA[Work Permit Holder]]>
              </value>
            </param>
            <param index="16">
              <value>
                <![CDATA[SSN000004]]>
              </value>
            </param>
            <param index="17">
              <value>
                <![CDATA[10201015]]>
              </value>
            </param>
            <param index="18">
              <value>
                <![CDATA[JAMES]]>
              </value>
            </param>
            <param index="19">
              <value>
                <![CDATA[DL1010104]]>
              </value>
            </param>
            <param index="20">
              <value>
                <![CDATA[Administrator]]>
              </value>
            </param>
            <param index="21">
              <value>
                <![CDATA[JAMESMARTIN]]>
              </value>
            </param>
            <param index="22">
              <value>
                <![CDATA[ROOP MAHEL]]>
              </value>
            </param>
            <param index="23">
              <value>
                <![CDATA[PREM GALLI]]>
              </value>
            </param>
            <param index="24">
              <value>
                <![CDATA[MARATHON]]>
              </value>
            </param>
            <param index="25">
              <value>
                <![CDATA[Massachusetts]]>
              </value>
            </param>
            <param index="26">
              <value>
                <![CDATA[46749]]>
              </value>
            </param>
            <param index="27">
              <value>
                <![CDATA[4538753857]]>
              </value>
            </param>
            <param index="28">
              <value>
                <![CDATA[5479347589]]>
              </value>
            </param>
            <param index="29">
              <value>
                <![CDATA[9348958958]]>
              </value>
            </param>
            <param index="30">
              <value>
                <![CDATA[Martin@gmail.com]]>
              </value>
            </param>
            <param index="31">
              <value>
                <![CDATA[Martin@gmail.com]]>
              </value>
            </param>
            <param index="32">
              <value>
                <![CDATA[20121212]]>
              </value>
            </param>
            <param index="33">
              <value>
                <![CDATA[20121212]]>
              </value>
            </param>
            <param index="34">
              <value>
                <![CDATA[IceHrm Employee]]>
              </value>
            </param>
            <param index="35">
              <value>
                <![CDATA[Taylor Holmes]]>
              </value>
            </param>
            <param index="36">
              <value>
                <![CDATA[Gary Ruth]]>
              </value>
            </param>
            <param index="37">
              <value>
                <![CDATA[Cynthia Roger]]>
              </value>
            </param>
          </params>
          <reporter-output>
          </reporter-output>
        </test-method> <!-- testAddUserValid -->
        <test-method status="PASS" signature="afterTest(org.testng.ITestResult, java.lang.reflect.Method)[pri:0, instance:sprint0.EmployessAddEmployee@15aab8c6]" name="afterTest" is-config="true" duration-ms="74" started-at="2019-02-05T16:16:13Z" finished-at="2019-02-05T16:16:13Z">
          <params>
            <param index="0">
              <value>
                <![CDATA[[TestResult name=testAddUserValid status=SUCCESS method=EmployessAddEmployee.testAddUserValid(java.lang.String, java.lang.String, java.lang.String, java.lang.String, java.lang.String, java.lang.String, java.lang.String, java.lang.String, java.lang.String, java.lang.String, java.lang.String, java.lang.String, java.lang.String, java.lang.String, java.lang.String, java.lang.String, java.lang.String, java.lang.String, java.lang.String, java.lang.String, java.lang.String, java.lang.String, java.lang.String, java.lang.String, java.lang.String, java.lang.String, java.lang.String, java.lang.String, java.lang.String, java.lang.String, java.lang.String, java.lang.String, java.lang.String, java.lang.String, java.lang.String, java.lang.String, java.lang.String, java.lang.String)[pri:1, instance:sprint0.EmployessAddEmployee@15aab8c6] output={null}]]]>
              </value>
            </param>
            <param index="1">
              <value>
                <![CDATA[public void sprint0.EmployessAddEmployee.testAddUserValid(java.lang.String,java.lang.String,java.lang.String,java.lang.String,java.lang.String,java.lang.String,java.lang.String,java.lang.String,java.lang.String,java.lang.String,java.lang.String,java.lang.String,java.lang.String,java.lang.String,java.lang.String,java.lang.String,java.lang.String,java.lang.String,java.lang.String,java.lang.String,java.lang.String,java.lang.String,java.lang.String,java.lang.String,java.lang.String,java.lang.String,java.lang.String,java.lang.String,java.lang.String,java.lang.String,java.lang.String,java.lang.String,java.lang.String,java.lang.String,java.lang.String,java.lang.String,java.lang.String,java.lang.String) throws java.lang.InterruptedException]]>
              </value>
            </param>
          </params>
          <reporter-output>
          </reporter-output>
        </test-method> <!-- afterTest -->
        <test-method status="PASS" signature="beforeMethod(java.lang.reflect.Method, java.lang.String)[pri:0, instance:sprint0.EmployessAddEmployee@15aab8c6]" name="beforeMethod" is-config="true" duration-ms="7080" started-at="2019-02-05T16:16:13Z" finished-at="2019-02-05T16:16:21Z">
          <params>
            <param index="0">
              <value>
                <![CDATA[public void sprint0.EmployessAddEmployee.testAddUserValid(java.lang.String,java.lang.String,java.lang.String,java.lang.String,java.lang.String,java.lang.String,java.lang.String,java.lang.String,java.lang.String,java.lang.String,java.lang.String,java.lang.String,java.lang.String,java.lang.String,java.lang.String,java.lang.String,java.lang.String,java.lang.String,java.lang.String,java.lang.String,java.lang.String,java.lang.String,java.lang.String,java.lang.String,java.lang.String,java.lang.String,java.lang.String,java.lang.String,java.lang.String,java.lang.String,java.lang.String,java.lang.String,java.lang.String,java.lang.String,java.lang.String,java.lang.String,java.lang.String,java.lang.String) throws java.lang.InterruptedException]]>
              </value>
            </param>
            <param index="1">
              <value>
                <![CDATA[hidden]]>
              </value>
            </param>
          </params>
          <reporter-output>
          </reporter-output>
        </test-method> <!-- beforeMethod -->
        <test-method status="PASS" signature="testAddUserValid(java.lang.String, java.lang.String, java.lang.String, java.lang.String, java.lang.String, java.lang.String, java.lang.String, java.lang.String, java.lang.String, java.lang.String, java.lang.String, java.lang.String, java.lang.String, java.lang.String, java.lang.String, java.lang.String, java.lang.String, java.lang.String, java.lang.String, java.lang.String, java.lang.String, java.lang.String, java.lang.String, java.lang.String, java.lang.String, java.lang.String, java.lang.String, java.lang.String, java.lang.String, java.lang.String, java.lang.String, java.lang.String, java.lang.String, java.lang.String, java.lang.String, java.lang.String, java.lang.String, java.lang.String)[pri:1, instance:sprint0.EmployessAddEmployee@15aab8c6]" name="testAddUserValid" duration-ms="23805" started-at="2019-02-05T16:16:21Z" data-provider="EmployeeData" finished-at="2019-02-05T16:16:44Z">
          <params>
            <param index="0">
              <value>
                <![CDATA[IND0001005]]>
              </value>
            </param>
            <param index="1">
              <value>
                <![CDATA[Bruce]]>
              </value>
            </param>
            <param index="2">
              <value>
                <![CDATA[Willis]]>
              </value>
            </param>
            <param index="3">
              <value>
                <![CDATA[Indian]]>
              </value>
            </param>
            <param index="4">
              <value>
                <![CDATA[19801016]]>
              </value>
            </param>
            <param index="5">
              <value>
                <![CDATA[Male]]>
              </value>
            </param>
            <param index="6">
              <value>
                <![CDATA[Divorced]]>
              </value>
            </param>
            <param index="7">
              <value>
                <![CDATA[Part Time Permanent]]>
              </value>
            </param>
            <param index="8">
              <value>
                <![CDATA[Product Manager]]>
              </value>
            </param>
            <param index="9">
              <value>
                <![CDATA[India]]>
              </value>
            </param>
            <param index="10">
              <value>
                <![CDATA[20101235]]>
              </value>
            </param>
            <param index="11">
              <value>
                <![CDATA[Head Office]]>
              </value>
            </param>
            <param index="12">
              <value>
                <![CDATA[IceHrm Employee]]>
              </value>
            </param>
            <param index="13">
              <value>
                <![CDATA[Stuart]]>
              </value>
            </param>
            <param index="14">
              <value>
                <![CDATA[Asian American]]>
              </value>
            </param>
            <param index="15">
              <value>
                <![CDATA[Work Permit Holder]]>
              </value>
            </param>
            <param index="16">
              <value>
                <![CDATA[SSN000005]]>
              </value>
            </param>
            <param index="17">
              <value>
                <![CDATA[10201016]]>
              </value>
            </param>
            <param index="18">
              <value>
                <![CDATA[JAMES]]>
              </value>
            </param>
            <param index="19">
              <value>
                <![CDATA[DL1010105]]>
              </value>
            </param>
            <param index="20">
              <value>
                <![CDATA[Administrator]]>
              </value>
            </param>
            <param index="21">
              <value>
                <![CDATA[JAMESMARTIN]]>
              </value>
            </param>
            <param index="22">
              <value>
                <![CDATA[ROOP MAHEL]]>
              </value>
            </param>
            <param index="23">
              <value>
                <![CDATA[PREM GALLI]]>
              </value>
            </param>
            <param index="24">
              <value>
                <![CDATA[MARATHON]]>
              </value>
            </param>
            <param index="25">
              <value>
                <![CDATA[Massachusetts]]>
              </value>
            </param>
            <param index="26">
              <value>
                <![CDATA[46750]]>
              </value>
            </param>
            <param index="27">
              <value>
                <![CDATA[4538753857]]>
              </value>
            </param>
            <param index="28">
              <value>
                <![CDATA[5479347589]]>
              </value>
            </param>
            <param index="29">
              <value>
                <![CDATA[9348958958]]>
              </value>
            </param>
            <param index="30">
              <value>
                <![CDATA[Oliver@gmail.com]]>
              </value>
            </param>
            <param index="31">
              <value>
                <![CDATA[Oliver@gmail.com]]>
              </value>
            </param>
            <param index="32">
              <value>
                <![CDATA[20121212]]>
              </value>
            </param>
            <param index="33">
              <value>
                <![CDATA[20121212]]>
              </value>
            </param>
            <param index="34">
              <value>
                <![CDATA[IceHrm Employee]]>
              </value>
            </param>
            <param index="35">
              <value>
                <![CDATA[Taylor Holmes]]>
              </value>
            </param>
            <param index="36">
              <value>
                <![CDATA[Gary Ruth]]>
              </value>
            </param>
            <param index="37">
              <value>
                <![CDATA[Cynthia Roger]]>
              </value>
            </param>
          </params>
          <reporter-output>
          </reporter-output>
        </test-method> <!-- testAddUserValid -->
        <test-method status="PASS" signature="afterTest(org.testng.ITestResult, java.lang.reflect.Method)[pri:0, instance:sprint0.EmployessAddEmployee@15aab8c6]" name="afterTest" is-config="true" duration-ms="80" started-at="2019-02-05T16:16:44Z" finished-at="2019-02-05T16:16:44Z">
          <params>
            <param index="0">
              <value>
                <![CDATA[[TestResult name=testAddUserValid status=SUCCESS method=EmployessAddEmployee.testAddUserValid(java.lang.String, java.lang.String, java.lang.String, java.lang.String, java.lang.String, java.lang.String, java.lang.String, java.lang.String, java.lang.String, java.lang.String, java.lang.String, java.lang.String, java.lang.String, java.lang.String, java.lang.String, java.lang.String, java.lang.String, java.lang.String, java.lang.String, java.lang.String, java.lang.String, java.lang.String, java.lang.String, java.lang.String, java.lang.String, java.lang.String, java.lang.String, java.lang.String, java.lang.String, java.lang.String, java.lang.String, java.lang.String, java.lang.String, java.lang.String, java.lang.String, java.lang.String, java.lang.String, java.lang.String)[pri:1, instance:sprint0.EmployessAddEmployee@15aab8c6] output={null}]]]>
              </value>
            </param>
            <param index="1">
              <value>
                <![CDATA[public void sprint0.EmployessAddEmployee.testAddUserValid(java.lang.String,java.lang.String,java.lang.String,java.lang.String,java.lang.String,java.lang.String,java.lang.String,java.lang.String,java.lang.String,java.lang.String,java.lang.String,java.lang.String,java.lang.String,java.lang.String,java.lang.String,java.lang.String,java.lang.String,java.lang.String,java.lang.String,java.lang.String,java.lang.String,java.lang.String,java.lang.String,java.lang.String,java.lang.String,java.lang.String,java.lang.String,java.lang.String,java.lang.String,java.lang.String,java.lang.String,java.lang.String,java.lang.String,java.lang.String,java.lang.String,java.lang.String,java.lang.String,java.lang.String) throws java.lang.InterruptedException]]>
              </value>
            </param>
          </params>
          <reporter-output>
          </reporter-output>
        </test-method> <!-- afterTest -->
        <test-method status="PASS" signature="beforeMethod(java.lang.reflect.Method, java.lang.String)[pri:0, instance:sprint0.EmployessAddEmployee@15aab8c6]" name="beforeMethod" is-config="true" duration-ms="6255" started-at="2019-02-05T16:16:44Z" finished-at="2019-02-05T16:16:51Z">
          <params>
            <param index="0">
              <value>
                <![CDATA[public void sprint0.EmployessAddEmployee.testAddUserValid(java.lang.String,java.lang.String,java.lang.String,java.lang.String,java.lang.String,java.lang.String,java.lang.String,java.lang.String,java.lang.String,java.lang.String,java.lang.String,java.lang.String,java.lang.String,java.lang.String,java.lang.String,java.lang.String,java.lang.String,java.lang.String,java.lang.String,java.lang.String,java.lang.String,java.lang.String,java.lang.String,java.lang.String,java.lang.String,java.lang.String,java.lang.String,java.lang.String,java.lang.String,java.lang.String,java.lang.String,java.lang.String,java.lang.String,java.lang.String,java.lang.String,java.lang.String,java.lang.String,java.lang.String) throws java.lang.InterruptedException]]>
              </value>
            </param>
            <param index="1">
              <value>
                <![CDATA[hidden]]>
              </value>
            </param>
          </params>
          <reporter-output>
          </reporter-output>
        </test-method> <!-- beforeMethod -->
        <test-method status="PASS" signature="testAddUserValid(java.lang.String, java.lang.String, java.lang.String, java.lang.String, java.lang.String, java.lang.String, java.lang.String, java.lang.String, java.lang.String, java.lang.String, java.lang.String, java.lang.String, java.lang.String, java.lang.String, java.lang.String, java.lang.String, java.lang.String, java.lang.String, java.lang.String, java.lang.String, java.lang.String, java.lang.String, java.lang.String, java.lang.String, java.lang.String, java.lang.String, java.lang.String, java.lang.String, java.lang.String, java.lang.String, java.lang.String, java.lang.String, java.lang.String, java.lang.String, java.lang.String, java.lang.String, java.lang.String, java.lang.String)[pri:1, instance:sprint0.EmployessAddEmployee@15aab8c6]" name="testAddUserValid" duration-ms="27206" started-at="2019-02-05T16:16:51Z" data-provider="EmployeeData" finished-at="2019-02-05T16:17:18Z">
          <params>
            <param index="0">
              <value>
                <![CDATA[IND0001006]]>
              </value>
            </param>
            <param index="1">
              <value>
                <![CDATA[London]]>
              </value>
            </param>
            <param index="2">
              <value>
                <![CDATA[Martin]]>
              </value>
            </param>
            <param index="3">
              <value>
                <![CDATA[Indian]]>
              </value>
            </param>
            <param index="4">
              <value>
                <![CDATA[19801017]]>
              </value>
            </param>
            <param index="5">
              <value>
                <![CDATA[Male]]>
              </value>
            </param>
            <param index="6">
              <value>
                <![CDATA[Divorced]]>
              </value>
            </param>
            <param index="7">
              <value>
                <![CDATA[Part Time Permanent]]>
              </value>
            </param>
            <param index="8">
              <value>
                <![CDATA[Product Manager]]>
              </value>
            </param>
            <param index="9">
              <value>
                <![CDATA[India]]>
              </value>
            </param>
            <param index="10">
              <value>
                <![CDATA[20101236]]>
              </value>
            </param>
            <param index="11">
              <value>
                <![CDATA[Head Office]]>
              </value>
            </param>
            <param index="12">
              <value>
                <![CDATA[IceHrm Employee]]>
              </value>
            </param>
            <param index="13">
              <value>
                <![CDATA[Stuart]]>
              </value>
            </param>
            <param index="14">
              <value>
                <![CDATA[Asian American]]>
              </value>
            </param>
            <param index="15">
              <value>
                <![CDATA[Work Permit Holder]]>
              </value>
            </param>
            <param index="16">
              <value>
                <![CDATA[SSN000006]]>
              </value>
            </param>
            <param index="17">
              <value>
                <![CDATA[10201017]]>
              </value>
            </param>
            <param index="18">
              <value>
                <![CDATA[JAMES]]>
              </value>
            </param>
            <param index="19">
              <value>
                <![CDATA[DL1010106]]>
              </value>
            </param>
            <param index="20">
              <value>
                <![CDATA[Administrator]]>
              </value>
            </param>
            <param index="21">
              <value>
                <![CDATA[JAMESMARTIN]]>
              </value>
            </param>
            <param index="22">
              <value>
                <![CDATA[ROOP MAHEL]]>
              </value>
            </param>
            <param index="23">
              <value>
                <![CDATA[PREM GALLI]]>
              </value>
            </param>
            <param index="24">
              <value>
                <![CDATA[MARATHON]]>
              </value>
            </param>
            <param index="25">
              <value>
                <![CDATA[Massachusetts]]>
              </value>
            </param>
            <param index="26">
              <value>
                <![CDATA[46751]]>
              </value>
            </param>
            <param index="27">
              <value>
                <![CDATA[4538753857]]>
              </value>
            </param>
            <param index="28">
              <value>
                <![CDATA[5479347589]]>
              </value>
            </param>
            <param index="29">
              <value>
                <![CDATA[9348958958]]>
              </value>
            </param>
            <param index="30">
              <value>
                <![CDATA[Bruce@gmail.com]]>
              </value>
            </param>
            <param index="31">
              <value>
                <![CDATA[Bruce@gmail.com]]>
              </value>
            </param>
            <param index="32">
              <value>
                <![CDATA[20121212]]>
              </value>
            </param>
            <param index="33">
              <value>
                <![CDATA[20121212]]>
              </value>
            </param>
            <param index="34">
              <value>
                <![CDATA[IceHrm Employee]]>
              </value>
            </param>
            <param index="35">
              <value>
                <![CDATA[Taylor Holmes]]>
              </value>
            </param>
            <param index="36">
              <value>
                <![CDATA[Gary Ruth]]>
              </value>
            </param>
            <param index="37">
              <value>
                <![CDATA[Cynthia Roger]]>
              </value>
            </param>
          </params>
          <reporter-output>
          </reporter-output>
        </test-method> <!-- testAddUserValid -->
        <test-method status="PASS" signature="afterTest(org.testng.ITestResult, java.lang.reflect.Method)[pri:0, instance:sprint0.EmployessAddEmployee@15aab8c6]" name="afterTest" is-config="true" duration-ms="76" started-at="2019-02-05T16:17:18Z" finished-at="2019-02-05T16:17:18Z">
          <params>
            <param index="0">
              <value>
                <![CDATA[[TestResult name=testAddUserValid status=SUCCESS method=EmployessAddEmployee.testAddUserValid(java.lang.String, java.lang.String, java.lang.String, java.lang.String, java.lang.String, java.lang.String, java.lang.String, java.lang.String, java.lang.String, java.lang.String, java.lang.String, java.lang.String, java.lang.String, java.lang.String, java.lang.String, java.lang.String, java.lang.String, java.lang.String, java.lang.String, java.lang.String, java.lang.String, java.lang.String, java.lang.String, java.lang.String, java.lang.String, java.lang.String, java.lang.String, java.lang.String, java.lang.String, java.lang.String, java.lang.String, java.lang.String, java.lang.String, java.lang.String, java.lang.String, java.lang.String, java.lang.String, java.lang.String)[pri:1, instance:sprint0.EmployessAddEmployee@15aab8c6] output={null}]]]>
              </value>
            </param>
            <param index="1">
              <value>
                <![CDATA[public void sprint0.EmployessAddEmployee.testAddUserValid(java.lang.String,java.lang.String,java.lang.String,java.lang.String,java.lang.String,java.lang.String,java.lang.String,java.lang.String,java.lang.String,java.lang.String,java.lang.String,java.lang.String,java.lang.String,java.lang.String,java.lang.String,java.lang.String,java.lang.String,java.lang.String,java.lang.String,java.lang.String,java.lang.String,java.lang.String,java.lang.String,java.lang.String,java.lang.String,java.lang.String,java.lang.String,java.lang.String,java.lang.String,java.lang.String,java.lang.String,java.lang.String,java.lang.String,java.lang.String,java.lang.String,java.lang.String,java.lang.String,java.lang.String) throws java.lang.InterruptedException]]>
              </value>
            </param>
          </params>
          <reporter-output>
          </reporter-output>
        </test-method> <!-- afterTest -->
        <test-method status="PASS" signature="beforeMethod(java.lang.reflect.Method, java.lang.String)[pri:0, instance:sprint0.EmployessAddEmployee@15aab8c6]" name="beforeMethod" is-config="true" duration-ms="6225" started-at="2019-02-05T16:17:18Z" finished-at="2019-02-05T16:17:25Z">
          <params>
            <param index="0">
              <value>
                <![CDATA[public void sprint0.EmployessAddEmployee.testAddUserDuplicate(java.lang.String,java.lang.String,java.lang.String,java.lang.String,java.lang.String,java.lang.String,java.lang.String,java.lang.String,java.lang.String,java.lang.String,java.lang.String,java.lang.String,java.lang.String,java.lang.String,java.lang.String,java.lang.String,java.lang.String,java.lang.String,java.lang.String,java.lang.String,java.lang.String,java.lang.String,java.lang.String,java.lang.String,java.lang.String,java.lang.String,java.lang.String,java.lang.String,java.lang.String,java.lang.String,java.lang.String,java.lang.String,java.lang.String,java.lang.String,java.lang.String,java.lang.String,java.lang.String,java.lang.String) throws java.lang.InterruptedException]]>
              </value>
            </param>
            <param index="1">
              <value>
                <![CDATA[hidden]]>
              </value>
            </param>
          </params>
          <reporter-output>
          </reporter-output>
        </test-method> <!-- beforeMethod -->
[...]
          <params>
            <param index="0">
              <value>
                <![CDATA[[TestResult name=testTerminateEmployeeDelete status=FAILURE method=TerminatedEmployeeData.testTerminateEmployeeDelete(java.lang.String)[pri:1, instance:sprint0.TerminatedEmployeeData@7e7be63f] output={null}]]]>
              </value>
            </param>
            <param index="1">
              <value>
                <![CDATA[public void sprint0.TerminatedEmployeeData.testTerminateEmployeeDelete(java.lang.String)]]>
              </value>
            </param>
          </params>
          <reporter-output>
            <line>
              <![CDATA[Testcase Failure Screenshot saved at : file:/Users/manoj/Documents/GitHub/ICEHRM/Screenshots/testTerminateEmployeeDelete2019_05_02_22_11_23.png]]>
            </line>
          </reporter-output>
        </test-method> <!-- afterTest -->
        <test-method status="PASS" signature="beforeMethod(java.lang.reflect.Method, java.lang.String)[pri:0, instance:sprint0.TerminatedEmployeeData@7e7be63f]" name="beforeMethod" is-config="true" duration-ms="4301" started-at="2019-02-05T16:41:23Z" finished-at="2019-02-05T16:41:28Z">
          <params>
            <param index="0">
              <value>
                <![CDATA[public void sprint0.TerminatedEmployeeData.testTerminateEmployeeDelete(java.lang.String)]]>
              </value>
            </param>
            <param index="1">
              <value>
                <![CDATA[hidden]]>
              </value>
            </param>
          </params>
          <reporter-output>
          </reporter-output>
        </test-method> <!-- beforeMethod -->
        <test-method status="PASS" signature="testTerminateEmployeeDelete(java.lang.String)[pri:1, instance:sprint0.TerminatedEmployeeData@7e7be63f]" name="testTerminateEmployeeDelete" duration-ms="22259" started-at="2019-02-05T16:41:28Z" data-provider="ArchieveEmpDataDelete" finished-at="2019-02-05T16:41:50Z">
          <params>
            <param index="0">
              <value>
                <![CDATA[Kale]]>
              </value>
            </param>
          </params>
          <reporter-output>
          </reporter-output>
        </test-method> <!-- testTerminateEmployeeDelete -->
        <test-method status="PASS" signature="afterTest(org.testng.ITestResult, java.lang.reflect.Method)[pri:0, instance:sprint0.TerminatedEmployeeData@7e7be63f]" name="afterTest" is-config="true" duration-ms="71" started-at="2019-02-05T16:41:50Z" finished-at="2019-02-05T16:41:50Z">
          <params>
            <param index="0">
              <value>
                <![CDATA[[TestResult name=testTerminateEmployeeDelete status=SUCCESS method=TerminatedEmployeeData.testTerminateEmployeeDelete(java.lang.String)[pri:1, instance:sprint0.TerminatedEmployeeData@7e7be63f] output={null}]]]>
              </value>
            </param>
            <param index="1">
              <value>
                <![CDATA[public void sprint0.TerminatedEmployeeData.testTerminateEmployeeDelete(java.lang.String)]]>
              </value>
            </param>
          </params>
          <reporter-output>
          </reporter-output>
        </test-method> <!-- afterTest -->
        <test-method status="PASS" signature="beforeMethod(java.lang.reflect.Method, java.lang.String)[pri:0, instance:sprint0.TerminatedEmployeeData@7e7be63f]" name="beforeMethod" is-config="true" duration-ms="6124" started-at="2019-02-05T16:41:50Z" finished-at="2019-02-05T16:41:56Z">
          <params>
            <param index="0">
              <value>
                <![CDATA[public void sprint0.TerminatedEmployeeData.testTerminateEmployeeDelete(java.lang.String)]]>
              </value>
            </param>
            <param index="1">
              <value>
                <![CDATA[hidden]]>
              </value>
            </param>
          </params>
          <reporter-output>
          </reporter-output>
        </test-method> <!-- beforeMethod -->
        <test-method status="PASS" signature="testTerminateEmployeeDelete(java.lang.String)[pri:1, instance:sprint0.TerminatedEmployeeData@7e7be63f]" name="testTerminateEmployeeDelete" duration-ms="22912" started-at="2019-02-05T16:41:56Z" data-provider="ArchieveEmpDataDelete" finished-at="2019-02-05T16:42:19Z">
          <params>
            <param index="0">
              <value>
                <![CDATA[Zucchinni]]>
              </value>
            </param>
          </params>
          <reporter-output>
          </reporter-output>
        </test-method> <!-- testTerminateEmployeeDelete -->
        <test-method status="PASS" signature="afterTest(org.testng.ITestResult, java.lang.reflect.Method)[pri:0, instance:sprint0.TerminatedEmployeeData@7e7be63f]" name="afterTest" is-config="true" duration-ms="83" started-at="2019-02-05T16:42:19Z" finished-at="2019-02-05T16:42:19Z">
          <params>
            <param index="0">
              <value>
                <![CDATA[[TestResult name=testTerminateEmployeeDelete status=SUCCESS method=TerminatedEmployeeData.testTerminateEmployeeDelete(java.lang.String)[pri:1, instance:sprint0.TerminatedEmployeeData@7e7be63f] output={null}]]]>
              </value>
            </param>
            <param index="1">
              <value>
                <![CDATA[public void sprint0.TerminatedEmployeeData.testTerminateEmployeeDelete(java.lang.String)]]>
              </value>
            </param>
          </params>
          <reporter-output>
          </reporter-output>
        </test-method> <!-- afterTest -->
        <test-method status="PASS" signature="beforeMethod(java.lang.reflect.Method, java.lang.String)[pri:0, instance:sprint0.TerminatedEmployeeData@7e7be63f]" name="beforeMethod" is-config="true" duration-ms="4880" started-at="2019-02-05T16:42:19Z" finished-at="2019-02-05T16:42:24Z">
          <params>
            <param index="0">
              <value>
                <![CDATA[public void sprint0.TerminatedEmployeeData.testTerminateEmployeeDelete(java.lang.String)]]>
              </value>
            </param>
            <param index="1">
              <value>
                <![CDATA[hidden]]>
              </value>
            </param>
          </params>
          <reporter-output>
          </reporter-output>
        </test-method> <!-- beforeMethod -->
        <test-method status="PASS" signature="testTerminateEmployeeDelete(java.lang.String)[pri:1, instance:sprint0.TerminatedEmployeeData@7e7be63f]" name="testTerminateEmployeeDelete" duration-ms="22344" started-at="2019-02-05T16:42:24Z" data-provider="ArchieveEmpDataDelete" finished-at="2019-02-05T16:42:46Z">
          <params>
            <param index="0">
              <value>
                <![CDATA[Oliver]]>
              </value>
            </param>
          </params>
          <reporter-output>
          </reporter-output>
        </test-method> <!-- testTerminateEmployeeDelete -->
        <test-method status="PASS" signature="afterTest(org.testng.ITestResult, java.lang.reflect.Method)[pri:0, instance:sprint0.TerminatedEmployeeData@7e7be63f]" name="afterTest" is-config="true" duration-ms="75" started-at="2019-02-05T16:42:46Z" finished-at="2019-02-05T16:42:46Z">
          <params>
            <param index="0">
              <value>
                <![CDATA[[TestResult name=testTerminateEmployeeDelete status=SUCCESS method=TerminatedEmployeeData.testTerminateEmployeeDelete(java.lang.String)[pri:1, instance:sprint0.TerminatedEmployeeData@7e7be63f] output={null}]]]>
              </value>
            </param>
            <param index="1">
              <value>
                <![CDATA[public void sprint0.TerminatedEmployeeData.testTerminateEmployeeDelete(java.lang.String)]]>
              </value>
            </param>
          </params>
          <reporter-output>
          </reporter-output>
        </test-method> <!-- afterTest -->
        <test-method status="PASS" signature="beforeMethod(java.lang.reflect.Method, java.lang.String)[pri:0, instance:sprint0.TerminatedEmployeeData@7e7be63f]" name="beforeMethod" is-config="true" duration-ms="4691" started-at="2019-02-05T16:42:46Z" finished-at="2019-02-05T16:42:51Z">
          <params>
            <param index="0">
              <value>
                <![CDATA[public void sprint0.TerminatedEmployeeData.testTerminateEmployeeDelete(java.lang.String)]]>
              </value>
            </param>
            <param index="1">
              <value>
                <![CDATA[hidden]]>
              </value>
            </param>
          </params>
          <reporter-output>
          </reporter-output>
        </test-method> <!-- beforeMethod -->
        <test-method status="FAIL" signature="testTerminateEmployeeDelete(java.lang.String)[pri:1, instance:sprint0.TerminatedEmployeeData@7e7be63f]" name="testTerminateEmployeeDelete" duration-ms="17427" started-at="2019-02-05T16:42:51Z" data-provider="ArchieveEmpDataDelete" finished-at="2019-02-05T16:43:09Z">
          <params>
            <param index="0">
              <value>
                <![CDATA[Bruce]]>
              </value>
            </param>
          </params>
          <exception class="org.openqa.selenium.ElementNotVisibleException">
            <message>
              <![CDATA[element not interactable
  (Session info: headless chrome=71.0.3578.98)
  (Driver info: chromedriver=2.44.609545 (c2f88692e98ce7233d2df7c724465ecacfe74df5),platform=Mac OS X 10.14.2 x86_64) (WARNING: The server did not provide any stacktrace information)
Command duration or timeout: 0 milliseconds
Build info: version: '3.141.59', revision: 'e82be7d358', time: '2018-11-14T08:17:03'
System info: host: 'mac.local', ip: 'fe80:0:0:0:416:4f24:fa75:517%en0', os.name: 'Mac OS X', os.arch: 'x86_64', os.version: '10.14.2', java.version: '1.8.0_151'
Driver info: org.openqa.selenium.chrome.ChromeDriver
Capabilities {acceptInsecureCerts: false, acceptSslCerts: false, applicationCacheEnabled: false, browserConnectionEnabled: false, browserName: chrome, chrome: {chromedriverVersion: 2.44.609545 (c2f88692e98ce7..., userDataDir: /var/folders/93/cv8d4r_j66b...}, cssSelectorsEnabled: true, databaseEnabled: false, goog:chromeOptions: {debuggerAddress: localhost:53515}, handlesAlerts: true, hasTouchScreen: false, javascriptEnabled: true, locationContextEnabled: true, mobileEmulationEnabled: false, nativeEvents: true, networkConnectionEnabled: false, pageLoadStrategy: normal, platform: MAC, platformName: MAC, rotatable: false, setWindowRect: true, takesHeapSnapshot: true, takesScreenshot: true, unexpectedAlertBehaviour: ignore, unhandledPromptBehavior: ignore, version: 71.0.3578.98, webStorageEnabled: true}
Session ID: 96abe5b070bb8fddadc94ad9bb994989]]>
            </message>
            <full-stacktrace>
              <![CDATA[org.openqa.selenium.ElementNotVisibleException: element not interactable
  (Session info: headless chrome=71.0.3578.98)
  (Driver info: chromedriver=2.44.609545 (c2f88692e98ce7233d2df7c724465ecacfe74df5),platform=Mac OS X 10.14.2 x86_64) (WARNING: The server did not provide any stacktrace information)
Command duration or timeout: 0 milliseconds
Build info: version: '3.141.59', revision: 'e82be7d358', time: '2018-11-14T08:17:03'
System info: host: 'mac.local', ip: 'fe80:0:0:0:416:4f24:fa75:517%en0', os.name: 'Mac OS X', os.arch: 'x86_64', os.version: '10.14.2', java.version: '1.8.0_151'
Driver info: org.openqa.selenium.chrome.ChromeDriver
Capabilities {acceptInsecureCerts: false, acceptSslCerts: false, applicationCacheEnabled: false, browserConnectionEnabled: false, browserName: chrome, chrome: {chromedriverVersion: 2.44.609545 (c2f88692e98ce7..., userDataDir: /var/folders/93/cv8d4r_j66b...}, cssSelectorsEnabled: true, databaseEnabled: false, goog:chromeOptions: {debuggerAddress: localhost:53515}, handlesAlerts: true, hasTouchScreen: false, javascriptEnabled: true, locationContextEnabled: true, mobileEmulationEnabled: false, nativeEvents: true, networkConnectionEnabled: false, pageLoadStrategy: normal, platform: MAC, platformName: MAC, rotatable: false, setWindowRect: true, takesHeapSnapshot: true, takesScreenshot: true, unexpectedAlertBehaviour: ignore, unhandledPromptBehavior: ignore, version: 71.0.3578.98, webStorageEnabled: true}
Session ID: 96abe5b070bb8fddadc94ad9bb994989
at sun.reflect.NativeConstructorAccessorImpl.newInstance0(Native Method)
at sun.reflect.NativeConstructorAccessorImpl.newInstance(NativeConstructorAccessorImpl.java:62)
at sun.reflect.DelegatingConstructorAccessorImpl.newInstance(DelegatingConstructorAccessorImpl.java:45)
at java.lang.reflect.Constructor.newInstance(Constructor.java:423)
at org.openqa.selenium.remote.ErrorHandler.createThrowable(ErrorHandler.java:214)
at org.openqa.selenium.remote.ErrorHandler.throwIfResponseFailed(ErrorHandler.java:166)
at org.openqa.selenium.remote.http.JsonHttpResponseCodec.reconstructValue(JsonHttpResponseCodec.java:40)
at org.openqa.selenium.remote.http.AbstractHttpResponseCodec.decode(AbstractHttpResponseCodec.java:80)
at org.openqa.selenium.remote.http.AbstractHttpResponseCodec.decode(AbstractHttpResponseCodec.java:44)
at org.openqa.selenium.remote.HttpCommandExecutor.execute(HttpCommandExecutor.java:158)
at org.openqa.selenium.remote.service.DriverCommandExecutor.execute(DriverCommandExecutor.java:83)
at org.openqa.selenium.remote.RemoteWebDriver.execute(RemoteWebDriver.java:552)
at org.openqa.selenium.remote.RemoteWebElement.execute(RemoteWebElement.java:285)
at org.openqa.selenium.remote.RemoteWebElement.click(RemoteWebElement.java:84)
at sprint0.login.POM.EmployessEmployeesPagePOM.SelectEmployeeArchieveDelete(EmployessEmployeesPagePOM.java:615)
at sprint0.TerminatedEmployeeData.testTerminateEmployeeDelete(TerminatedEmployeeData.java:35)
at sun.reflect.NativeMethodAccessorImpl.invoke0(Native Method)
at sun.reflect.NativeMethodAccessorImpl.invoke(NativeMethodAccessorImpl.java:62)
at sun.reflect.DelegatingMethodAccessorImpl.invoke(DelegatingMethodAccessorImpl.java:43)
at java.lang.reflect.Method.invoke(Method.java:498)
at org.testng.internal.MethodInvocationHelper.invokeMethod(MethodInvocationHelper.java:124)
at org.testng.internal.Invoker.invokeMethod(Invoker.java:583)
at org.testng.internal.Invoker.invokeTestMethod(Invoker.java:719)
at org.testng.internal.Invoker.invokeTestMethods(Invoker.java:989)
at org.testng.internal.TestMethodWorker.invokeTestMethods(TestMethodWorker.java:125)
at org.testng.internal.TestMethodWorker.run(TestMethodWorker.java:109)
at org.testng.TestRunner.privateRun(TestRunner.java:648)
at org.testng.TestRunner.run(TestRunner.java:505)
at org.testng.SuiteRunner.runTest(SuiteRunner.java:455)
at org.testng.SuiteRunner.runSequentially(SuiteRunner.java:450)
at org.testng.SuiteRunner.privateRun(SuiteRunner.java:415)
at org.testng.SuiteRunner.run(SuiteRunner.java:364)
at org.testng.SuiteRunnerWorker.runSuite(SuiteRunnerWorker.java:52)
at org.testng.SuiteRunnerWorker.run(SuiteRunnerWorker.java:84)
at org.testng.TestNG.runSuitesSequentially(TestNG.java:1208)
at org.testng.TestNG.runSuitesLocally(TestNG.java:1137)
at org.testng.TestNG.runSuites(TestNG.java:1049)
at org.testng.TestNG.run(TestNG.java:1017)
at org.testng.remote.AbstractRemoteTestNG.run(AbstractRemoteTestNG.java:114)
at org.testng.remote.RemoteTestNG.initAndRun(RemoteTestNG.java:251)
at org.testng.remote.RemoteTestNG.main(RemoteTestNG.java:77)
]]>
            </full-stacktrace>
          </exception> <!-- org.openqa.selenium.ElementNotVisibleException -->
          <reporter-output>
          </reporter-output>
        </test-method> <!-- testTerminateEmployeeDelete -->
        <test-method status="PASS" signature="afterTest(org.testng.ITestResult, java.lang.reflect.Method)[pri:0, instance:sprint0.TerminatedEmployeeData@7e7be63f]" name="afterTest" is-config="true" duration-ms="432" started-at="2019-02-05T16:43:09Z" finished-at="2019-02-05T16:43:09Z">
          <params>
            <param index="0">
              <value>
                <![CDATA[[TestResult name=testTerminateEmployeeDelete status=FAILURE method=TerminatedEmployeeData.testTerminateEmployeeDelete(java.lang.String)[pri:1, instance:sprint0.TerminatedEmployeeData@7e7be63f] output={null}]]]>
              </value>
            </param>
            <param index="1">
              <value>
                <![CDATA[public void sprint0.TerminatedEmployeeData.testTerminateEmployeeDelete(java.lang.String)]]>
              </value>
            </param>
          </params>
          <reporter-output>
            <line>
              <![CDATA[Testcase Failure Screenshot saved at : file:/Users/manoj/Documents/GitHub/ICEHRM/Screenshots/testTerminateEmployeeDelete2019_05_02_22_13_09.png]]>
            </line>
          </reporter-output>
        </test-method> <!-- afterTest -->
        <test-method status="PASS" signature="beforeMethod(java.lang.reflect.Method, java.lang.String)[pri:0, instance:sprint0.TerminatedEmployeeData@7e7be63f]" name="beforeMethod" is-config="true" duration-ms="4953" started-at="2019-02-05T16:43:09Z" finished-at="2019-02-05T16:43:14Z">
          <params>
            <param index="0">
              <value>
                <![CDATA[public void sprint0.TerminatedEmployeeData.testTerminateEmployeeDelete(java.lang.String)]]>
              </value>
            </param>
            <param index="1">
              <value>
                <![CDATA[hidden]]>
              </value>
            </param>
          </params>
          <reporter-output>
          </reporter-output>
        </test-method> <!-- beforeMethod -->
        <test-method status="PASS" signature="testTerminateEmployeeDelete(java.lang.String)[pri:1, instance:sprint0.TerminatedEmployeeData@7e7be63f]" name="testTerminateEmployeeDelete" duration-ms="20263" started-at="2019-02-05T16:43:14Z" data-provider="ArchieveEmpDataDelete" finished-at="2019-02-05T16:43:34Z">
          <params>
            <param index="0">
              <value>
                <![CDATA[London]]>
              </value>
            </param>
          </params>
          <reporter-output>
          </reporter-output>
        </test-method> <!-- testTerminateEmployeeDelete -->
        <test-method status="PASS" signature="afterTest(org.testng.ITestResult, java.lang.reflect.Method)[pri:0, instance:sprint0.TerminatedEmployeeData@7e7be63f]" name="afterTest" is-config="true" duration-ms="75" started-at="2019-02-05T16:43:34Z" finished-at="2019-02-05T16:43:34Z">
          <params>
            <param index="0">
              <value>
                <![CDATA[[TestResult name=testTerminateEmployeeDelete status=SUCCESS method=TerminatedEmployeeData.testTerminateEmployeeDelete(java.lang.String)[pri:1, instance:sprint0.TerminatedEmployeeData@7e7be63f] output={null}]]]>
              </value>
            </param>
            <param index="1">
              <value>
                <![CDATA[public void sprint0.TerminatedEmployeeData.testTerminateEmployeeDelete(java.lang.String)]]>
              </value>
            </param>
          </params>
          <reporter-output>
          </reporter-output>
        </test-method> <!-- afterTest -->
        <test-method status="PASS" signature="afterTest()[pri:0, instance:sprint0.TerminatedEmployeeData@7e7be63f]" name="afterTest" is-config="true" duration-ms="0" started-at="2019-02-05T16:43:34Z" finished-at="2019-02-05T16:43:34Z">
          <reporter-output>
          </reporter-output>
        </test-method> <!-- afterTest -->
        <test-method status="PASS" signature="afterSuite()[pri:0, instance:sprint0.TerminatedEmployeeData@7e7be63f]" name="afterSuite" is-config="true" duration-ms="1" started-at="2019-02-05T16:43:37Z" finished-at="2019-02-05T16:43:37Z">
          <reporter-output>
          </reporter-output>
        </test-method> <!-- afterSuite -->
      </class> <!-- sprint0.TerminatedEmployeeData -->
    </test> <!-- exampletest13 -->
  </suite> <!-- example suite 1 -->
</testng-results>
